2024-10-10 19:32:23,642 [Worker-1] INFO  o.e.m.c.i.p.ProjectConfigurationManager - Collecting project info '/pom.xml' D:\Users\GERARD ESTUDIOS\MIS ESTUDIOS\CARRERAS\CIBERTEC\CICLO 04\LENGUAJE PROGRAMACIÓN II\PROYECTO\PROYECTO_LP2_EFSRT\PROYECTO_FINAL\ProyectoBioSalud\pom.xml
2024-10-10 19:32:24,143 [Worker-1] INFO  o.e.m.c.i.l.LifecycleMappingFactory - Using org.maven.ide.eclipse.wtp.WarLifecycleMapping lifecycle mapping for MavenProject: com.mave.biosalud:ProyectoBioSalud:0.0.1-SNAPSHOT @ D:\Users\GERARD ESTUDIOS\MIS ESTUDIOS\CARRERAS\CIBERTEC\CICLO 04\LENGUAJE PROGRAMACIÓN II\PROYECTO\PROYECTO_LP2_EFSRT\PROYECTO_FINAL\ProyectoBioSalud\pom.xml.
2024-10-10 19:32:24,677 [Worker-1] INFO  o.e.m.j.i.AbstractJavaProjectConfigurator - Adding source folder /ProyectoBioSalud/src/main/java
2024-10-10 19:32:24,678 [Worker-1] INFO  o.e.m.j.i.AbstractJavaProjectConfigurator - Adding resource folder /ProyectoBioSalud/src/main/resources
2024-10-10 19:32:24,678 [Worker-1] INFO  o.e.m.j.i.AbstractJavaProjectConfigurator - Adding source folder /ProyectoBioSalud/src/test/java
2024-10-10 19:32:26,475 [Worker-1] INFO  o.e.m.c.i.p.ProjectConfigurationManager - Imported and configured 1 project(s) in 2 sec
2024-10-10 19:32:26,780 [Worker-3] WARN  o.e.m.c.i.embedder.EclipseLogger - Using platform encoding (Cp1252 actually) to copy filtered resources, i.e. build is platform dependent!
2024-10-10 19:32:26,785 [Worker-3] INFO  o.e.m.c.i.embedder.EclipseLogger - Copying 0 resource
2024-10-10 19:32:26,787 [Worker-3] WARN  o.e.m.c.i.embedder.EclipseLogger - Using platform encoding (Cp1252 actually) to copy filtered resources, i.e. build is platform dependent!
2024-10-10 19:32:26,788 [Worker-3] INFO  o.e.m.c.i.embedder.EclipseLogger - skip non existing resourceDirectory D:\Users\GERARD ESTUDIOS\MIS ESTUDIOS\CARRERAS\CIBERTEC\CICLO 04\LENGUAJE PROGRAMACIÓN II\PROYECTO\PROYECTO_LP2_EFSRT\PROYECTO_FINAL\ProyectoBioSalud\src\test\resources
2024-10-10 19:32:28,012 [Worker-1] WARN  o.e.m.c.i.embedder.EclipseLogger - Using platform encoding (Cp1252 actually) to copy filtered resources, i.e. build is platform dependent!
2024-10-10 19:32:28,013 [Worker-1] INFO  o.e.m.c.i.embedder.EclipseLogger - Copying 0 resource
2024-10-10 19:32:28,014 [Worker-1] WARN  o.e.m.c.i.embedder.EclipseLogger - Using platform encoding (Cp1252 actually) to copy filtered resources, i.e. build is platform dependent!
2024-10-10 19:32:28,014 [Worker-1] INFO  o.e.m.c.i.embedder.EclipseLogger - skip non existing resourceDirectory D:\Users\GERARD ESTUDIOS\MIS ESTUDIOS\CARRERAS\CIBERTEC\CICLO 04\LENGUAJE PROGRAMACIÓN II\PROYECTO\PROYECTO_LP2_EFSRT\PROYECTO_FINAL\ProyectoBioSalud\src\test\resources
2024-10-10 19:34:46,902 [Worker-1] INFO  o.e.m.c.i.l.LifecycleMappingFactory - Using org.maven.ide.eclipse.wtp.WarLifecycleMapping lifecycle mapping for MavenProject: com.mave.biosalud:ProyectoBioSalud:0.0.1-SNAPSHOT @ D:\Users\GERARD ESTUDIOS\MIS ESTUDIOS\CARRERAS\CIBERTEC\CICLO 04\LENGUAJE PROGRAMACIÓN II\PROYECTO\PROYECTO_LP2_EFSRT\PROYECTO_FINAL\ProyectoBioSalud\pom.xml.
2024-10-10 19:34:47,642 [Worker-1] WARN  o.e.m.c.i.embedder.EclipseLogger - Using platform encoding (Cp1252 actually) to copy filtered resources, i.e. build is platform dependent!
2024-10-10 19:34:47,643 [Worker-1] INFO  o.e.m.c.i.embedder.EclipseLogger - Copying 0 resource
2024-10-10 19:34:47,644 [Worker-1] WARN  o.e.m.c.i.embedder.EclipseLogger - Using platform encoding (Cp1252 actually) to copy filtered resources, i.e. build is platform dependent!
2024-10-10 19:34:47,644 [Worker-1] INFO  o.e.m.c.i.embedder.EclipseLogger - skip non existing resourceDirectory D:\Users\GERARD ESTUDIOS\MIS ESTUDIOS\CARRERAS\CIBERTEC\CICLO 04\LENGUAJE PROGRAMACIÓN II\PROYECTO\PROYECTO_LP2_EFSRT\PROYECTO_FINAL\ProyectoBioSalud\src\test\resources
2024-10-10 19:34:47,645 [Worker-1] INFO  o.e.m.w.i.f.ResourceFilteringBuildParticipant - Changed resources require a complete clean of filtered resources of ProyectoBioSalud
2024-10-10 19:34:47,645 [Worker-1] INFO  o.e.m.w.i.f.ResourceFilteringBuildParticipant - Executing resource filtering for ProyectoBioSalud
2024-10-10 19:34:47,648 [Worker-1] WARN  o.e.m.c.i.embedder.EclipseLogger - Using platform encoding (Cp1252 actually) to copy filtered resources, i.e. build is platform dependent!
2024-10-10 19:34:48,845 [Worker-10] WARN  o.e.m.c.i.embedder.EclipseLogger - Using platform encoding (Cp1252 actually) to copy filtered resources, i.e. build is platform dependent!
2024-10-10 19:34:48,846 [Worker-10] INFO  o.e.m.c.i.embedder.EclipseLogger - Copying 0 resource
2024-10-10 19:34:48,846 [Worker-10] WARN  o.e.m.c.i.embedder.EclipseLogger - Using platform encoding (Cp1252 actually) to copy filtered resources, i.e. build is platform dependent!
2024-10-10 19:34:48,847 [Worker-10] INFO  o.e.m.c.i.embedder.EclipseLogger - skip non existing resourceDirectory D:\Users\GERARD ESTUDIOS\MIS ESTUDIOS\CARRERAS\CIBERTEC\CICLO 04\LENGUAJE PROGRAMACIÓN II\PROYECTO\PROYECTO_LP2_EFSRT\PROYECTO_FINAL\ProyectoBioSalud\src\test\resources
2024-10-10 19:36:15,130 [Worker-7] INFO  o.e.m.c.i.l.LifecycleMappingFactory - Using org.maven.ide.eclipse.wtp.WarLifecycleMapping lifecycle mapping for MavenProject: com.mave.biosalud:ProyectoBioSalud:0.0.1-SNAPSHOT @ D:\Users\GERARD ESTUDIOS\MIS ESTUDIOS\CARRERAS\CIBERTEC\CICLO 04\LENGUAJE PROGRAMACIÓN II\PROYECTO\PROYECTO_LP2_EFSRT\PROYECTO_FINAL\ProyectoBioSalud\pom.xml.
2024-10-10 19:36:15,735 [Worker-7] WARN  o.e.m.c.i.embedder.EclipseLogger - Using platform encoding (Cp1252 actually) to copy filtered resources, i.e. build is platform dependent!
2024-10-10 19:36:15,736 [Worker-7] INFO  o.e.m.c.i.embedder.EclipseLogger - Copying 0 resource
2024-10-10 19:36:15,736 [Worker-7] WARN  o.e.m.c.i.embedder.EclipseLogger - Using platform encoding (Cp1252 actually) to copy filtered resources, i.e. build is platform dependent!
2024-10-10 19:36:15,737 [Worker-7] INFO  o.e.m.c.i.embedder.EclipseLogger - skip non existing resourceDirectory D:\Users\GERARD ESTUDIOS\MIS ESTUDIOS\CARRERAS\CIBERTEC\CICLO 04\LENGUAJE PROGRAMACIÓN II\PROYECTO\PROYECTO_LP2_EFSRT\PROYECTO_FINAL\ProyectoBioSalud\src\test\resources
2024-10-10 19:36:15,737 [Worker-7] INFO  o.e.m.w.i.f.ResourceFilteringBuildParticipant - Changed resources require a complete clean of filtered resources of ProyectoBioSalud
2024-10-10 19:36:15,737 [Worker-7] INFO  o.e.m.w.i.f.ResourceFilteringBuildParticipant - Executing resource filtering for ProyectoBioSalud
2024-10-10 19:36:15,739 [Worker-7] WARN  o.e.m.c.i.embedder.EclipseLogger - Using platform encoding (Cp1252 actually) to copy filtered resources, i.e. build is platform dependent!
2024-10-10 19:38:33,657 [Worker-5] WARN  o.e.m.c.i.embedder.EclipseLogger - Using platform encoding (Cp1252 actually) to copy filtered resources, i.e. build is platform dependent!
2024-10-10 19:38:33,657 [Worker-5] INFO  o.e.m.c.i.embedder.EclipseLogger - Copying 0 resource
2024-10-10 19:38:33,657 [Worker-5] WARN  o.e.m.c.i.embedder.EclipseLogger - Using platform encoding (Cp1252 actually) to copy filtered resources, i.e. build is platform dependent!
2024-10-10 19:38:33,658 [Worker-5] INFO  o.e.m.c.i.embedder.EclipseLogger - skip non existing resourceDirectory D:\Users\GERARD ESTUDIOS\MIS ESTUDIOS\CARRERAS\CIBERTEC\CICLO 04\LENGUAJE PROGRAMACIÓN II\PROYECTO\PROYECTO_LP2_EFSRT\PROYECTO_FINAL\ProyectoBioSalud\src\test\resources
2024-10-10 19:38:50,332 [Worker-10] WARN  o.e.m.c.i.embedder.EclipseLogger - Using platform encoding (Cp1252 actually) to copy filtered resources, i.e. build is platform dependent!
2024-10-10 19:38:50,333 [Worker-10] INFO  o.e.m.c.i.embedder.EclipseLogger - Copying 0 resource
2024-10-10 19:38:50,333 [Worker-10] WARN  o.e.m.c.i.embedder.EclipseLogger - Using platform encoding (Cp1252 actually) to copy filtered resources, i.e. build is platform dependent!
2024-10-10 19:38:50,334 [Worker-10] INFO  o.e.m.c.i.embedder.EclipseLogger - skip non existing resourceDirectory D:\Users\GERARD ESTUDIOS\MIS ESTUDIOS\CARRERAS\CIBERTEC\CICLO 04\LENGUAJE PROGRAMACIÓN II\PROYECTO\PROYECTO_LP2_EFSRT\PROYECTO_FINAL\ProyectoBioSalud\src\test\resources
2024-10-10 19:39:02,344 [Worker-26] INFO  o.e.m.c.i.p.ProjectConfigurationManager - Update started
2024-10-10 19:39:02,587 [Worker-26] INFO  o.e.m.c.i.l.LifecycleMappingFactory - Using org.maven.ide.eclipse.wtp.WarLifecycleMapping lifecycle mapping for MavenProject: com.mave.biosalud:ProyectoBioSalud:0.0.1-SNAPSHOT @ D:\Users\GERARD ESTUDIOS\MIS ESTUDIOS\CARRERAS\CIBERTEC\CICLO 04\LENGUAJE PROGRAMACIÓN II\PROYECTO\PROYECTO_LP2_EFSRT\PROYECTO_FINAL\ProyectoBioSalud\pom.xml.
2024-10-10 19:39:03,196 [Worker-26] INFO  o.e.m.j.i.AbstractJavaProjectConfigurator - Adding source folder /ProyectoBioSalud/src/main/java
2024-10-10 19:39:03,196 [Worker-26] INFO  o.e.m.j.i.AbstractJavaProjectConfigurator - Adding resource folder /ProyectoBioSalud/src/main/resources
2024-10-10 19:39:03,197 [Worker-26] INFO  o.e.m.j.i.AbstractJavaProjectConfigurator - Adding source folder /ProyectoBioSalud/src/test/java
2024-10-10 19:39:03,874 [Worker-26] INFO  o.e.m.w.i.f.ResourceFilteringBuildParticipant - Cleaning filtered folder for ProyectoBioSalud
2024-10-10 19:39:03,877 [Worker-26] INFO  o.e.m.c.i.p.ProjectConfigurationManager - Update completed: 1 sec
2024-10-10 19:39:04,585 [Worker-21] WARN  o.e.m.c.i.embedder.EclipseLogger - Using platform encoding (Cp1252 actually) to copy filtered resources, i.e. build is platform dependent!
2024-10-10 19:39:04,585 [Worker-21] INFO  o.e.m.c.i.embedder.EclipseLogger - Copying 0 resource
2024-10-10 19:39:04,586 [Worker-21] WARN  o.e.m.c.i.embedder.EclipseLogger - Using platform encoding (Cp1252 actually) to copy filtered resources, i.e. build is platform dependent!
2024-10-10 19:39:04,586 [Worker-21] INFO  o.e.m.c.i.embedder.EclipseLogger - skip non existing resourceDirectory D:\Users\GERARD ESTUDIOS\MIS ESTUDIOS\CARRERAS\CIBERTEC\CICLO 04\LENGUAJE PROGRAMACIÓN II\PROYECTO\PROYECTO_LP2_EFSRT\PROYECTO_FINAL\ProyectoBioSalud\src\test\resources
2024-10-10 19:39:04,587 [Worker-21] INFO  o.e.m.w.i.f.ResourceFilteringBuildParticipant - Changed resources require a complete clean of filtered resources of ProyectoBioSalud
2024-10-10 19:39:04,587 [Worker-21] INFO  o.e.m.w.i.f.ResourceFilteringBuildParticipant - Executing resource filtering for ProyectoBioSalud
2024-10-10 19:39:04,588 [Worker-21] WARN  o.e.m.c.i.embedder.EclipseLogger - Using platform encoding (Cp1252 actually) to copy filtered resources, i.e. build is platform dependent!
2024-10-10 19:39:04,853 [Worker-21] WARN  o.e.m.c.i.embedder.EclipseLogger - Using platform encoding (Cp1252 actually) to copy filtered resources, i.e. build is platform dependent!
2024-10-10 19:39:04,855 [Worker-21] INFO  o.e.m.c.i.embedder.EclipseLogger - Copying 0 resource
2024-10-10 19:39:04,855 [Worker-21] WARN  o.e.m.c.i.embedder.EclipseLogger - Using platform encoding (Cp1252 actually) to copy filtered resources, i.e. build is platform dependent!
2024-10-10 19:39:04,856 [Worker-21] INFO  o.e.m.c.i.embedder.EclipseLogger - skip non existing resourceDirectory D:\Users\GERARD ESTUDIOS\MIS ESTUDIOS\CARRERAS\CIBERTEC\CICLO 04\LENGUAJE PROGRAMACIÓN II\PROYECTO\PROYECTO_LP2_EFSRT\PROYECTO_FINAL\ProyectoBioSalud\src\test\resources
2024-10-10 19:39:44,218 [Worker-7] WARN  o.e.m.c.i.embedder.EclipseLogger - Using platform encoding (Cp1252 actually) to copy filtered resources, i.e. build is platform dependent!
2024-10-10 19:39:44,218 [Worker-7] INFO  o.e.m.c.i.embedder.EclipseLogger - Copying 0 resource
2024-10-10 19:39:44,219 [Worker-7] WARN  o.e.m.c.i.embedder.EclipseLogger - Using platform encoding (Cp1252 actually) to copy filtered resources, i.e. build is platform dependent!
2024-10-10 19:39:44,220 [Worker-7] INFO  o.e.m.c.i.embedder.EclipseLogger - skip non existing resourceDirectory D:\Users\GERARD ESTUDIOS\MIS ESTUDIOS\CARRERAS\CIBERTEC\CICLO 04\LENGUAJE PROGRAMACIÓN II\PROYECTO\PROYECTO_LP2_EFSRT\PROYECTO_FINAL\ProyectoBioSalud\src\test\resources
2024-10-10 19:39:58,238 [Worker-23] INFO  o.e.m.c.i.p.ProjectConfigurationManager - Update started
2024-10-10 19:39:58,482 [Worker-23] INFO  o.e.m.c.i.l.LifecycleMappingFactory - Using org.maven.ide.eclipse.wtp.WarLifecycleMapping lifecycle mapping for MavenProject: com.mave.biosalud:ProyectoBioSalud:0.0.1-SNAPSHOT @ D:\Users\GERARD ESTUDIOS\MIS ESTUDIOS\CARRERAS\CIBERTEC\CICLO 04\LENGUAJE PROGRAMACIÓN II\PROYECTO\PROYECTO_LP2_EFSRT\PROYECTO_FINAL\ProyectoBioSalud\pom.xml.
2024-10-10 19:39:59,085 [Worker-23] INFO  o.e.m.j.i.AbstractJavaProjectConfigurator - Adding source folder /ProyectoBioSalud/src/main/java
2024-10-10 19:39:59,085 [Worker-23] INFO  o.e.m.j.i.AbstractJavaProjectConfigurator - Adding resource folder /ProyectoBioSalud/src/main/resources
2024-10-10 19:39:59,085 [Worker-23] INFO  o.e.m.j.i.AbstractJavaProjectConfigurator - Adding source folder /ProyectoBioSalud/src/test/java
2024-10-10 19:39:59,505 [Worker-23] INFO  o.e.m.w.i.f.ResourceFilteringBuildParticipant - Cleaning filtered folder for ProyectoBioSalud
2024-10-10 19:39:59,508 [Worker-23] INFO  o.e.m.c.i.p.ProjectConfigurationManager - Update completed: 1 sec
2024-10-10 19:40:00,060 [Worker-13] WARN  o.e.m.c.i.embedder.EclipseLogger - Using platform encoding (Cp1252 actually) to copy filtered resources, i.e. build is platform dependent!
2024-10-10 19:40:00,061 [Worker-13] INFO  o.e.m.c.i.embedder.EclipseLogger - Copying 0 resource
2024-10-10 19:40:00,061 [Worker-13] WARN  o.e.m.c.i.embedder.EclipseLogger - Using platform encoding (Cp1252 actually) to copy filtered resources, i.e. build is platform dependent!
2024-10-10 19:40:00,062 [Worker-13] INFO  o.e.m.c.i.embedder.EclipseLogger - skip non existing resourceDirectory D:\Users\GERARD ESTUDIOS\MIS ESTUDIOS\CARRERAS\CIBERTEC\CICLO 04\LENGUAJE PROGRAMACIÓN II\PROYECTO\PROYECTO_LP2_EFSRT\PROYECTO_FINAL\ProyectoBioSalud\src\test\resources
2024-10-10 19:40:00,062 [Worker-13] INFO  o.e.m.w.i.f.ResourceFilteringBuildParticipant - Changed resources require a complete clean of filtered resources of ProyectoBioSalud
2024-10-10 19:40:00,062 [Worker-13] INFO  o.e.m.w.i.f.ResourceFilteringBuildParticipant - Executing resource filtering for ProyectoBioSalud
2024-10-10 19:40:00,064 [Worker-13] WARN  o.e.m.c.i.embedder.EclipseLogger - Using platform encoding (Cp1252 actually) to copy filtered resources, i.e. build is platform dependent!
2024-10-10 19:42:38,762 [Worker-26] INFO  o.e.m.c.i.p.ProjectConfigurationManager - Update started
2024-10-10 19:42:38,996 [Worker-26] INFO  o.e.m.c.i.l.LifecycleMappingFactory - Using org.maven.ide.eclipse.wtp.WarLifecycleMapping lifecycle mapping for MavenProject: com.mave.biosalud:ProyectoBioSalud:0.0.1-SNAPSHOT @ D:\Users\GERARD ESTUDIOS\MIS ESTUDIOS\CARRERAS\CIBERTEC\CICLO 04\LENGUAJE PROGRAMACIÓN II\PROYECTO\PROYECTO_LP2_EFSRT\PROYECTO_FINAL\ProyectoBioSalud\pom.xml.
2024-10-10 19:42:39,597 [Worker-26] INFO  o.e.m.j.i.AbstractJavaProjectConfigurator - Adding source folder /ProyectoBioSalud/src/main/java
2024-10-10 19:42:39,597 [Worker-26] INFO  o.e.m.j.i.AbstractJavaProjectConfigurator - Adding resource folder /ProyectoBioSalud/src/main/resources
2024-10-10 19:42:39,597 [Worker-26] INFO  o.e.m.j.i.AbstractJavaProjectConfigurator - Adding source folder /ProyectoBioSalud/src/test/java
2024-10-10 19:42:40,028 [Worker-26] INFO  o.e.m.w.i.f.ResourceFilteringBuildParticipant - Cleaning filtered folder for ProyectoBioSalud
2024-10-10 19:42:40,030 [Worker-26] INFO  o.e.m.c.i.p.ProjectConfigurationManager - Update completed: 1 sec
2024-10-10 19:42:40,578 [Worker-21] WARN  o.e.m.c.i.embedder.EclipseLogger - Using platform encoding (Cp1252 actually) to copy filtered resources, i.e. build is platform dependent!
2024-10-10 19:42:40,579 [Worker-21] INFO  o.e.m.c.i.embedder.EclipseLogger - Copying 0 resource
2024-10-10 19:42:40,580 [Worker-21] WARN  o.e.m.c.i.embedder.EclipseLogger - Using platform encoding (Cp1252 actually) to copy filtered resources, i.e. build is platform dependent!
2024-10-10 19:42:40,581 [Worker-21] INFO  o.e.m.c.i.embedder.EclipseLogger - skip non existing resourceDirectory D:\Users\GERARD ESTUDIOS\MIS ESTUDIOS\CARRERAS\CIBERTEC\CICLO 04\LENGUAJE PROGRAMACIÓN II\PROYECTO\PROYECTO_LP2_EFSRT\PROYECTO_FINAL\ProyectoBioSalud\src\test\resources
2024-10-10 19:42:40,581 [Worker-21] INFO  o.e.m.w.i.f.ResourceFilteringBuildParticipant - Changed resources require a complete clean of filtered resources of ProyectoBioSalud
2024-10-10 19:42:40,581 [Worker-21] INFO  o.e.m.w.i.f.ResourceFilteringBuildParticipant - Executing resource filtering for ProyectoBioSalud
2024-10-10 19:42:40,584 [Worker-21] WARN  o.e.m.c.i.embedder.EclipseLogger - Using platform encoding (Cp1252 actually) to copy filtered resources, i.e. build is platform dependent!
2024-10-10 19:43:04,725 [Worker-23] WARN  o.e.m.c.i.embedder.EclipseLogger - Using platform encoding (Cp1252 actually) to copy filtered resources, i.e. build is platform dependent!
2024-10-10 19:43:04,728 [Worker-23] INFO  o.e.m.c.i.embedder.EclipseLogger - Copying 0 resource
2024-10-10 19:43:04,728 [Worker-23] WARN  o.e.m.c.i.embedder.EclipseLogger - Using platform encoding (Cp1252 actually) to copy filtered resources, i.e. build is platform dependent!
2024-10-10 19:43:04,729 [Worker-23] INFO  o.e.m.c.i.embedder.EclipseLogger - skip non existing resourceDirectory D:\Users\GERARD ESTUDIOS\MIS ESTUDIOS\CARRERAS\CIBERTEC\CICLO 04\LENGUAJE PROGRAMACIÓN II\PROYECTO\PROYECTO_LP2_EFSRT\PROYECTO_FINAL\ProyectoBioSalud\src\test\resources
2024-10-10 19:43:12,406 [Worker-23] WARN  o.e.m.c.i.embedder.EclipseLogger - Using platform encoding (Cp1252 actually) to copy filtered resources, i.e. build is platform dependent!
2024-10-10 19:43:12,407 [Worker-23] INFO  o.e.m.c.i.embedder.EclipseLogger - skip non existing resourceDirectory D:\Users\GERARD ESTUDIOS\MIS ESTUDIOS\CARRERAS\CIBERTEC\CICLO 04\LENGUAJE PROGRAMACIÓN II\PROYECTO\PROYECTO_LP2_EFSRT\PROYECTO_FINAL\ProyectoBioSalud\src\main\resources
2024-10-10 19:43:12,407 [Worker-23] WARN  o.e.m.c.i.embedder.EclipseLogger - Using platform encoding (Cp1252 actually) to copy filtered resources, i.e. build is platform dependent!
2024-10-10 19:43:12,408 [Worker-23] INFO  o.e.m.c.i.embedder.EclipseLogger - skip non existing resourceDirectory D:\Users\GERARD ESTUDIOS\MIS ESTUDIOS\CARRERAS\CIBERTEC\CICLO 04\LENGUAJE PROGRAMACIÓN II\PROYECTO\PROYECTO_LP2_EFSRT\PROYECTO_FINAL\ProyectoBioSalud\src\test\resources
2024-10-10 19:43:14,562 [Worker-23] WARN  o.e.m.c.i.embedder.EclipseLogger - Using platform encoding (Cp1252 actually) to copy filtered resources, i.e. build is platform dependent!
2024-10-10 19:43:14,562 [Worker-23] INFO  o.e.m.c.i.embedder.EclipseLogger - skip non existing resourceDirectory D:\Users\GERARD ESTUDIOS\MIS ESTUDIOS\CARRERAS\CIBERTEC\CICLO 04\LENGUAJE PROGRAMACIÓN II\PROYECTO\PROYECTO_LP2_EFSRT\PROYECTO_FINAL\ProyectoBioSalud\src\main\resources
2024-10-10 19:43:14,563 [Worker-23] WARN  o.e.m.c.i.embedder.EclipseLogger - Using platform encoding (Cp1252 actually) to copy filtered resources, i.e. build is platform dependent!
2024-10-10 19:43:14,564 [Worker-23] INFO  o.e.m.c.i.embedder.EclipseLogger - skip non existing resourceDirectory D:\Users\GERARD ESTUDIOS\MIS ESTUDIOS\CARRERAS\CIBERTEC\CICLO 04\LENGUAJE PROGRAMACIÓN II\PROYECTO\PROYECTO_LP2_EFSRT\PROYECTO_FINAL\ProyectoBioSalud\src\test\resources
2024-10-10 19:43:17,487 [Worker-21] WARN  o.e.m.c.i.embedder.EclipseLogger - Using platform encoding (Cp1252 actually) to copy filtered resources, i.e. build is platform dependent!
2024-10-10 19:43:17,488 [Worker-21] INFO  o.e.m.c.i.embedder.EclipseLogger - skip non existing resourceDirectory D:\Users\GERARD ESTUDIOS\MIS ESTUDIOS\CARRERAS\CIBERTEC\CICLO 04\LENGUAJE PROGRAMACIÓN II\PROYECTO\PROYECTO_LP2_EFSRT\PROYECTO_FINAL\ProyectoBioSalud\src\main\resources
2024-10-10 19:43:17,489 [Worker-21] WARN  o.e.m.c.i.embedder.EclipseLogger - Using platform encoding (Cp1252 actually) to copy filtered resources, i.e. build is platform dependent!
2024-10-10 19:43:17,490 [Worker-21] INFO  o.e.m.c.i.embedder.EclipseLogger - skip non existing resourceDirectory D:\Users\GERARD ESTUDIOS\MIS ESTUDIOS\CARRERAS\CIBERTEC\CICLO 04\LENGUAJE PROGRAMACIÓN II\PROYECTO\PROYECTO_LP2_EFSRT\PROYECTO_FINAL\ProyectoBioSalud\src\test\resources
2024-10-10 19:43:59,942 [Worker-13] WARN  o.e.m.c.i.embedder.EclipseLogger - Using platform encoding (Cp1252 actually) to copy filtered resources, i.e. build is platform dependent!
2024-10-10 19:43:59,942 [Worker-13] INFO  o.e.m.c.i.embedder.EclipseLogger - skip non existing resourceDirectory D:\Users\GERARD ESTUDIOS\MIS ESTUDIOS\CARRERAS\CIBERTEC\CICLO 04\LENGUAJE PROGRAMACIÓN II\PROYECTO\PROYECTO_LP2_EFSRT\PROYECTO_FINAL\ProyectoBioSalud\src\main\resources
2024-10-10 19:43:59,943 [Worker-13] WARN  o.e.m.c.i.embedder.EclipseLogger - Using platform encoding (Cp1252 actually) to copy filtered resources, i.e. build is platform dependent!
2024-10-10 19:43:59,944 [Worker-13] INFO  o.e.m.c.i.embedder.EclipseLogger - skip non existing resourceDirectory D:\Users\GERARD ESTUDIOS\MIS ESTUDIOS\CARRERAS\CIBERTEC\CICLO 04\LENGUAJE PROGRAMACIÓN II\PROYECTO\PROYECTO_LP2_EFSRT\PROYECTO_FINAL\ProyectoBioSalud\src\test\resources
2024-10-10 19:44:04,167 [Worker-1] WARN  o.e.m.c.i.embedder.EclipseLogger - Using platform encoding (Cp1252 actually) to copy filtered resources, i.e. build is platform dependent!
2024-10-10 19:44:04,168 [Worker-1] INFO  o.e.m.c.i.embedder.EclipseLogger - skip non existing resourceDirectory D:\Users\GERARD ESTUDIOS\MIS ESTUDIOS\CARRERAS\CIBERTEC\CICLO 04\LENGUAJE PROGRAMACIÓN II\PROYECTO\PROYECTO_LP2_EFSRT\PROYECTO_FINAL\ProyectoBioSalud\src\main\resources
2024-10-10 19:44:04,168 [Worker-1] WARN  o.e.m.c.i.embedder.EclipseLogger - Using platform encoding (Cp1252 actually) to copy filtered resources, i.e. build is platform dependent!
2024-10-10 19:44:04,169 [Worker-1] INFO  o.e.m.c.i.embedder.EclipseLogger - skip non existing resourceDirectory D:\Users\GERARD ESTUDIOS\MIS ESTUDIOS\CARRERAS\CIBERTEC\CICLO 04\LENGUAJE PROGRAMACIÓN II\PROYECTO\PROYECTO_LP2_EFSRT\PROYECTO_FINAL\ProyectoBioSalud\src\test\resources
2024-10-10 19:44:08,212 [Worker-1] WARN  o.e.m.c.i.embedder.EclipseLogger - Using platform encoding (Cp1252 actually) to copy filtered resources, i.e. build is platform dependent!
2024-10-10 19:44:08,212 [Worker-1] INFO  o.e.m.c.i.embedder.EclipseLogger - skip non existing resourceDirectory D:\Users\GERARD ESTUDIOS\MIS ESTUDIOS\CARRERAS\CIBERTEC\CICLO 04\LENGUAJE PROGRAMACIÓN II\PROYECTO\PROYECTO_LP2_EFSRT\PROYECTO_FINAL\ProyectoBioSalud\src\main\resources
2024-10-10 19:44:08,213 [Worker-1] WARN  o.e.m.c.i.embedder.EclipseLogger - Using platform encoding (Cp1252 actually) to copy filtered resources, i.e. build is platform dependent!
2024-10-10 19:44:08,214 [Worker-1] INFO  o.e.m.c.i.embedder.EclipseLogger - skip non existing resourceDirectory D:\Users\GERARD ESTUDIOS\MIS ESTUDIOS\CARRERAS\CIBERTEC\CICLO 04\LENGUAJE PROGRAMACIÓN II\PROYECTO\PROYECTO_LP2_EFSRT\PROYECTO_FINAL\ProyectoBioSalud\src\test\resources
2024-10-10 19:44:17,442 [Worker-26] WARN  o.e.m.c.i.embedder.EclipseLogger - Using platform encoding (Cp1252 actually) to copy filtered resources, i.e. build is platform dependent!
2024-10-10 19:44:17,443 [Worker-26] INFO  o.e.m.c.i.embedder.EclipseLogger - skip non existing resourceDirectory D:\Users\GERARD ESTUDIOS\MIS ESTUDIOS\CARRERAS\CIBERTEC\CICLO 04\LENGUAJE PROGRAMACIÓN II\PROYECTO\PROYECTO_LP2_EFSRT\PROYECTO_FINAL\ProyectoBioSalud\src\main\resources
2024-10-10 19:44:17,443 [Worker-26] WARN  o.e.m.c.i.embedder.EclipseLogger - Using platform encoding (Cp1252 actually) to copy filtered resources, i.e. build is platform dependent!
2024-10-10 19:44:17,444 [Worker-26] INFO  o.e.m.c.i.embedder.EclipseLogger - skip non existing resourceDirectory D:\Users\GERARD ESTUDIOS\MIS ESTUDIOS\CARRERAS\CIBERTEC\CICLO 04\LENGUAJE PROGRAMACIÓN II\PROYECTO\PROYECTO_LP2_EFSRT\PROYECTO_FINAL\ProyectoBioSalud\src\test\resources
2024-10-10 19:44:42,202 [Worker-22] WARN  o.e.m.c.i.embedder.EclipseLogger - Using platform encoding (Cp1252 actually) to copy filtered resources, i.e. build is platform dependent!
2024-10-10 19:44:42,202 [Worker-22] INFO  o.e.m.c.i.embedder.EclipseLogger - skip non existing resourceDirectory D:\Users\GERARD ESTUDIOS\MIS ESTUDIOS\CARRERAS\CIBERTEC\CICLO 04\LENGUAJE PROGRAMACIÓN II\PROYECTO\PROYECTO_LP2_EFSRT\PROYECTO_FINAL\ProyectoBioSalud\src\main\resources
2024-10-10 19:44:42,202 [Worker-22] WARN  o.e.m.c.i.embedder.EclipseLogger - Using platform encoding (Cp1252 actually) to copy filtered resources, i.e. build is platform dependent!
2024-10-10 19:44:42,204 [Worker-22] INFO  o.e.m.c.i.embedder.EclipseLogger - skip non existing resourceDirectory D:\Users\GERARD ESTUDIOS\MIS ESTUDIOS\CARRERAS\CIBERTEC\CICLO 04\LENGUAJE PROGRAMACIÓN II\PROYECTO\PROYECTO_LP2_EFSRT\PROYECTO_FINAL\ProyectoBioSalud\src\test\resources
2024-10-10 19:44:46,073 [Worker-26] WARN  o.e.m.c.i.embedder.EclipseLogger - Using platform encoding (Cp1252 actually) to copy filtered resources, i.e. build is platform dependent!
2024-10-10 19:44:46,073 [Worker-26] INFO  o.e.m.c.i.embedder.EclipseLogger - skip non existing resourceDirectory D:\Users\GERARD ESTUDIOS\MIS ESTUDIOS\CARRERAS\CIBERTEC\CICLO 04\LENGUAJE PROGRAMACIÓN II\PROYECTO\PROYECTO_LP2_EFSRT\PROYECTO_FINAL\ProyectoBioSalud\src\main\resources
2024-10-10 19:44:46,074 [Worker-26] WARN  o.e.m.c.i.embedder.EclipseLogger - Using platform encoding (Cp1252 actually) to copy filtered resources, i.e. build is platform dependent!
2024-10-10 19:44:46,075 [Worker-26] INFO  o.e.m.c.i.embedder.EclipseLogger - skip non existing resourceDirectory D:\Users\GERARD ESTUDIOS\MIS ESTUDIOS\CARRERAS\CIBERTEC\CICLO 04\LENGUAJE PROGRAMACIÓN II\PROYECTO\PROYECTO_LP2_EFSRT\PROYECTO_FINAL\ProyectoBioSalud\src\test\resources
2024-10-10 19:45:06,190 [Worker-1] WARN  o.e.m.c.i.embedder.EclipseLogger - Using platform encoding (Cp1252 actually) to copy filtered resources, i.e. build is platform dependent!
2024-10-10 19:45:06,190 [Worker-1] INFO  o.e.m.c.i.embedder.EclipseLogger - skip non existing resourceDirectory D:\Users\GERARD ESTUDIOS\MIS ESTUDIOS\CARRERAS\CIBERTEC\CICLO 04\LENGUAJE PROGRAMACIÓN II\PROYECTO\PROYECTO_LP2_EFSRT\PROYECTO_FINAL\ProyectoBioSalud\src\main\resources
2024-10-10 19:45:06,191 [Worker-1] WARN  o.e.m.c.i.embedder.EclipseLogger - Using platform encoding (Cp1252 actually) to copy filtered resources, i.e. build is platform dependent!
2024-10-10 19:45:06,192 [Worker-1] INFO  o.e.m.c.i.embedder.EclipseLogger - skip non existing resourceDirectory D:\Users\GERARD ESTUDIOS\MIS ESTUDIOS\CARRERAS\CIBERTEC\CICLO 04\LENGUAJE PROGRAMACIÓN II\PROYECTO\PROYECTO_LP2_EFSRT\PROYECTO_FINAL\ProyectoBioSalud\src\test\resources
2024-10-10 19:45:18,785 [Worker-1] WARN  o.e.m.c.i.embedder.EclipseLogger - Using platform encoding (Cp1252 actually) to copy filtered resources, i.e. build is platform dependent!
2024-10-10 19:45:18,785 [Worker-1] INFO  o.e.m.c.i.embedder.EclipseLogger - skip non existing resourceDirectory D:\Users\GERARD ESTUDIOS\MIS ESTUDIOS\CARRERAS\CIBERTEC\CICLO 04\LENGUAJE PROGRAMACIÓN II\PROYECTO\PROYECTO_LP2_EFSRT\PROYECTO_FINAL\ProyectoBioSalud\src\main\resources
2024-10-10 19:45:18,786 [Worker-1] WARN  o.e.m.c.i.embedder.EclipseLogger - Using platform encoding (Cp1252 actually) to copy filtered resources, i.e. build is platform dependent!
2024-10-10 19:45:18,787 [Worker-1] INFO  o.e.m.c.i.embedder.EclipseLogger - skip non existing resourceDirectory D:\Users\GERARD ESTUDIOS\MIS ESTUDIOS\CARRERAS\CIBERTEC\CICLO 04\LENGUAJE PROGRAMACIÓN II\PROYECTO\PROYECTO_LP2_EFSRT\PROYECTO_FINAL\ProyectoBioSalud\src\test\resources
2024-10-10 19:45:30,821 [Worker-26] WARN  o.e.m.c.i.embedder.EclipseLogger - Using platform encoding (Cp1252 actually) to copy filtered resources, i.e. build is platform dependent!
2024-10-10 19:45:30,821 [Worker-26] INFO  o.e.m.c.i.embedder.EclipseLogger - skip non existing resourceDirectory D:\Users\GERARD ESTUDIOS\MIS ESTUDIOS\CARRERAS\CIBERTEC\CICLO 04\LENGUAJE PROGRAMACIÓN II\PROYECTO\PROYECTO_LP2_EFSRT\PROYECTO_FINAL\ProyectoBioSalud\src\main\resources
2024-10-10 19:45:30,822 [Worker-26] WARN  o.e.m.c.i.embedder.EclipseLogger - Using platform encoding (Cp1252 actually) to copy filtered resources, i.e. build is platform dependent!
2024-10-10 19:45:30,823 [Worker-26] INFO  o.e.m.c.i.embedder.EclipseLogger - skip non existing resourceDirectory D:\Users\GERARD ESTUDIOS\MIS ESTUDIOS\CARRERAS\CIBERTEC\CICLO 04\LENGUAJE PROGRAMACIÓN II\PROYECTO\PROYECTO_LP2_EFSRT\PROYECTO_FINAL\ProyectoBioSalud\src\test\resources
2024-10-10 19:45:47,150 [Worker-26] WARN  o.e.m.c.i.embedder.EclipseLogger - Using platform encoding (Cp1252 actually) to copy filtered resources, i.e. build is platform dependent!
2024-10-10 19:45:47,152 [Worker-26] INFO  o.e.m.c.i.embedder.EclipseLogger - skip non existing resourceDirectory D:\Users\GERARD ESTUDIOS\MIS ESTUDIOS\CARRERAS\CIBERTEC\CICLO 04\LENGUAJE PROGRAMACIÓN II\PROYECTO\PROYECTO_LP2_EFSRT\PROYECTO_FINAL\ProyectoBioSalud\src\main\resources
2024-10-10 19:45:47,153 [Worker-26] WARN  o.e.m.c.i.embedder.EclipseLogger - Using platform encoding (Cp1252 actually) to copy filtered resources, i.e. build is platform dependent!
2024-10-10 19:45:47,157 [Worker-26] INFO  o.e.m.c.i.embedder.EclipseLogger - skip non existing resourceDirectory D:\Users\GERARD ESTUDIOS\MIS ESTUDIOS\CARRERAS\CIBERTEC\CICLO 04\LENGUAJE PROGRAMACIÓN II\PROYECTO\PROYECTO_LP2_EFSRT\PROYECTO_FINAL\ProyectoBioSalud\src\test\resources
2024-10-10 19:46:45,249 [Worker-7] WARN  o.e.m.c.i.embedder.EclipseLogger - Using platform encoding (Cp1252 actually) to copy filtered resources, i.e. build is platform dependent!
2024-10-10 19:46:45,250 [Worker-7] INFO  o.e.m.c.i.embedder.EclipseLogger - skip non existing resourceDirectory D:\Users\GERARD ESTUDIOS\MIS ESTUDIOS\CARRERAS\CIBERTEC\CICLO 04\LENGUAJE PROGRAMACIÓN II\PROYECTO\PROYECTO_LP2_EFSRT\PROYECTO_FINAL\ProyectoBioSalud\src\main\resources
2024-10-10 19:46:45,251 [Worker-7] WARN  o.e.m.c.i.embedder.EclipseLogger - Using platform encoding (Cp1252 actually) to copy filtered resources, i.e. build is platform dependent!
2024-10-10 19:46:45,251 [Worker-7] INFO  o.e.m.c.i.embedder.EclipseLogger - skip non existing resourceDirectory D:\Users\GERARD ESTUDIOS\MIS ESTUDIOS\CARRERAS\CIBERTEC\CICLO 04\LENGUAJE PROGRAMACIÓN II\PROYECTO\PROYECTO_LP2_EFSRT\PROYECTO_FINAL\ProyectoBioSalud\src\test\resources
2024-10-10 19:47:06,637 [Worker-21] WARN  o.e.m.c.i.embedder.EclipseLogger - Using platform encoding (Cp1252 actually) to copy filtered resources, i.e. build is platform dependent!
2024-10-10 19:47:06,637 [Worker-21] INFO  o.e.m.c.i.embedder.EclipseLogger - skip non existing resourceDirectory D:\Users\GERARD ESTUDIOS\MIS ESTUDIOS\CARRERAS\CIBERTEC\CICLO 04\LENGUAJE PROGRAMACIÓN II\PROYECTO\PROYECTO_LP2_EFSRT\PROYECTO_FINAL\ProyectoBioSalud\src\main\resources
2024-10-10 19:47:06,638 [Worker-21] WARN  o.e.m.c.i.embedder.EclipseLogger - Using platform encoding (Cp1252 actually) to copy filtered resources, i.e. build is platform dependent!
2024-10-10 19:47:06,638 [Worker-21] INFO  o.e.m.c.i.embedder.EclipseLogger - skip non existing resourceDirectory D:\Users\GERARD ESTUDIOS\MIS ESTUDIOS\CARRERAS\CIBERTEC\CICLO 04\LENGUAJE PROGRAMACIÓN II\PROYECTO\PROYECTO_LP2_EFSRT\PROYECTO_FINAL\ProyectoBioSalud\src\test\resources
2024-10-10 19:47:25,748 [Worker-21] WARN  o.e.m.c.i.embedder.EclipseLogger - Using platform encoding (Cp1252 actually) to copy filtered resources, i.e. build is platform dependent!
2024-10-10 19:47:25,748 [Worker-21] INFO  o.e.m.c.i.embedder.EclipseLogger - skip non existing resourceDirectory D:\Users\GERARD ESTUDIOS\MIS ESTUDIOS\CARRERAS\CIBERTEC\CICLO 04\LENGUAJE PROGRAMACIÓN II\PROYECTO\PROYECTO_LP2_EFSRT\PROYECTO_FINAL\ProyectoBioSalud\src\main\resources
2024-10-10 19:47:25,748 [Worker-21] WARN  o.e.m.c.i.embedder.EclipseLogger - Using platform encoding (Cp1252 actually) to copy filtered resources, i.e. build is platform dependent!
2024-10-10 19:47:25,750 [Worker-21] INFO  o.e.m.c.i.embedder.EclipseLogger - skip non existing resourceDirectory D:\Users\GERARD ESTUDIOS\MIS ESTUDIOS\CARRERAS\CIBERTEC\CICLO 04\LENGUAJE PROGRAMACIÓN II\PROYECTO\PROYECTO_LP2_EFSRT\PROYECTO_FINAL\ProyectoBioSalud\src\test\resources
2024-10-10 19:47:47,192 [Worker-28] WARN  o.e.m.c.i.embedder.EclipseLogger - Using platform encoding (Cp1252 actually) to copy filtered resources, i.e. build is platform dependent!
2024-10-10 19:47:47,192 [Worker-28] INFO  o.e.m.c.i.embedder.EclipseLogger - skip non existing resourceDirectory D:\Users\GERARD ESTUDIOS\MIS ESTUDIOS\CARRERAS\CIBERTEC\CICLO 04\LENGUAJE PROGRAMACIÓN II\PROYECTO\PROYECTO_LP2_EFSRT\PROYECTO_FINAL\ProyectoBioSalud\src\main\resources
2024-10-10 19:47:47,193 [Worker-28] WARN  o.e.m.c.i.embedder.EclipseLogger - Using platform encoding (Cp1252 actually) to copy filtered resources, i.e. build is platform dependent!
2024-10-10 19:47:47,194 [Worker-28] INFO  o.e.m.c.i.embedder.EclipseLogger - skip non existing resourceDirectory D:\Users\GERARD ESTUDIOS\MIS ESTUDIOS\CARRERAS\CIBERTEC\CICLO 04\LENGUAJE PROGRAMACIÓN II\PROYECTO\PROYECTO_LP2_EFSRT\PROYECTO_FINAL\ProyectoBioSalud\src\test\resources
2024-10-10 19:48:10,191 [Worker-28] WARN  o.e.m.c.i.embedder.EclipseLogger - Using platform encoding (Cp1252 actually) to copy filtered resources, i.e. build is platform dependent!
2024-10-10 19:48:10,192 [Worker-28] INFO  o.e.m.c.i.embedder.EclipseLogger - skip non existing resourceDirectory D:\Users\GERARD ESTUDIOS\MIS ESTUDIOS\CARRERAS\CIBERTEC\CICLO 04\LENGUAJE PROGRAMACIÓN II\PROYECTO\PROYECTO_LP2_EFSRT\PROYECTO_FINAL\ProyectoBioSalud\src\main\resources
2024-10-10 19:48:10,192 [Worker-28] WARN  o.e.m.c.i.embedder.EclipseLogger - Using platform encoding (Cp1252 actually) to copy filtered resources, i.e. build is platform dependent!
2024-10-10 19:48:10,193 [Worker-28] INFO  o.e.m.c.i.embedder.EclipseLogger - skip non existing resourceDirectory D:\Users\GERARD ESTUDIOS\MIS ESTUDIOS\CARRERAS\CIBERTEC\CICLO 04\LENGUAJE PROGRAMACIÓN II\PROYECTO\PROYECTO_LP2_EFSRT\PROYECTO_FINAL\ProyectoBioSalud\src\test\resources
2024-10-10 19:48:36,671 [Worker-23] WARN  o.e.m.c.i.embedder.EclipseLogger - Using platform encoding (Cp1252 actually) to copy filtered resources, i.e. build is platform dependent!
2024-10-10 19:48:36,671 [Worker-23] INFO  o.e.m.c.i.embedder.EclipseLogger - skip non existing resourceDirectory D:\Users\GERARD ESTUDIOS\MIS ESTUDIOS\CARRERAS\CIBERTEC\CICLO 04\LENGUAJE PROGRAMACIÓN II\PROYECTO\PROYECTO_LP2_EFSRT\PROYECTO_FINAL\ProyectoBioSalud\src\main\resources
2024-10-10 19:48:36,672 [Worker-23] WARN  o.e.m.c.i.embedder.EclipseLogger - Using platform encoding (Cp1252 actually) to copy filtered resources, i.e. build is platform dependent!
2024-10-10 19:48:36,673 [Worker-23] INFO  o.e.m.c.i.embedder.EclipseLogger - skip non existing resourceDirectory D:\Users\GERARD ESTUDIOS\MIS ESTUDIOS\CARRERAS\CIBERTEC\CICLO 04\LENGUAJE PROGRAMACIÓN II\PROYECTO\PROYECTO_LP2_EFSRT\PROYECTO_FINAL\ProyectoBioSalud\src\test\resources
2024-10-10 19:48:56,964 [Worker-22] WARN  o.e.m.c.i.embedder.EclipseLogger - Using platform encoding (Cp1252 actually) to copy filtered resources, i.e. build is platform dependent!
2024-10-10 19:48:56,965 [Worker-22] INFO  o.e.m.c.i.embedder.EclipseLogger - skip non existing resourceDirectory D:\Users\GERARD ESTUDIOS\MIS ESTUDIOS\CARRERAS\CIBERTEC\CICLO 04\LENGUAJE PROGRAMACIÓN II\PROYECTO\PROYECTO_LP2_EFSRT\PROYECTO_FINAL\ProyectoBioSalud\src\main\resources
2024-10-10 19:48:56,965 [Worker-22] WARN  o.e.m.c.i.embedder.EclipseLogger - Using platform encoding (Cp1252 actually) to copy filtered resources, i.e. build is platform dependent!
2024-10-10 19:48:56,966 [Worker-22] INFO  o.e.m.c.i.embedder.EclipseLogger - skip non existing resourceDirectory D:\Users\GERARD ESTUDIOS\MIS ESTUDIOS\CARRERAS\CIBERTEC\CICLO 04\LENGUAJE PROGRAMACIÓN II\PROYECTO\PROYECTO_LP2_EFSRT\PROYECTO_FINAL\ProyectoBioSalud\src\test\resources
2024-10-10 19:49:03,884 [Worker-26] WARN  o.e.m.c.i.embedder.EclipseLogger - Using platform encoding (Cp1252 actually) to copy filtered resources, i.e. build is platform dependent!
2024-10-10 19:49:03,885 [Worker-26] INFO  o.e.m.c.i.embedder.EclipseLogger - skip non existing resourceDirectory D:\Users\GERARD ESTUDIOS\MIS ESTUDIOS\CARRERAS\CIBERTEC\CICLO 04\LENGUAJE PROGRAMACIÓN II\PROYECTO\PROYECTO_LP2_EFSRT\PROYECTO_FINAL\ProyectoBioSalud\src\main\resources
2024-10-10 19:49:03,885 [Worker-26] WARN  o.e.m.c.i.embedder.EclipseLogger - Using platform encoding (Cp1252 actually) to copy filtered resources, i.e. build is platform dependent!
2024-10-10 19:49:03,886 [Worker-26] INFO  o.e.m.c.i.embedder.EclipseLogger - skip non existing resourceDirectory D:\Users\GERARD ESTUDIOS\MIS ESTUDIOS\CARRERAS\CIBERTEC\CICLO 04\LENGUAJE PROGRAMACIÓN II\PROYECTO\PROYECTO_LP2_EFSRT\PROYECTO_FINAL\ProyectoBioSalud\src\test\resources
2024-10-10 19:49:21,749 [Worker-26] WARN  o.e.m.c.i.embedder.EclipseLogger - Using platform encoding (Cp1252 actually) to copy filtered resources, i.e. build is platform dependent!
2024-10-10 19:49:21,749 [Worker-26] INFO  o.e.m.c.i.embedder.EclipseLogger - skip non existing resourceDirectory D:\Users\GERARD ESTUDIOS\MIS ESTUDIOS\CARRERAS\CIBERTEC\CICLO 04\LENGUAJE PROGRAMACIÓN II\PROYECTO\PROYECTO_LP2_EFSRT\PROYECTO_FINAL\ProyectoBioSalud\src\main\resources
2024-10-10 19:49:21,749 [Worker-26] WARN  o.e.m.c.i.embedder.EclipseLogger - Using platform encoding (Cp1252 actually) to copy filtered resources, i.e. build is platform dependent!
2024-10-10 19:49:21,750 [Worker-26] INFO  o.e.m.c.i.embedder.EclipseLogger - skip non existing resourceDirectory D:\Users\GERARD ESTUDIOS\MIS ESTUDIOS\CARRERAS\CIBERTEC\CICLO 04\LENGUAJE PROGRAMACIÓN II\PROYECTO\PROYECTO_LP2_EFSRT\PROYECTO_FINAL\ProyectoBioSalud\src\test\resources
2024-10-10 19:49:34,250 [Worker-5] WARN  o.e.m.c.i.embedder.EclipseLogger - Using platform encoding (Cp1252 actually) to copy filtered resources, i.e. build is platform dependent!
2024-10-10 19:49:34,251 [Worker-5] INFO  o.e.m.c.i.embedder.EclipseLogger - skip non existing resourceDirectory D:\Users\GERARD ESTUDIOS\MIS ESTUDIOS\CARRERAS\CIBERTEC\CICLO 04\LENGUAJE PROGRAMACIÓN II\PROYECTO\PROYECTO_LP2_EFSRT\PROYECTO_FINAL\ProyectoBioSalud\src\main\resources
2024-10-10 19:49:34,251 [Worker-5] WARN  o.e.m.c.i.embedder.EclipseLogger - Using platform encoding (Cp1252 actually) to copy filtered resources, i.e. build is platform dependent!
2024-10-10 19:49:34,253 [Worker-5] INFO  o.e.m.c.i.embedder.EclipseLogger - skip non existing resourceDirectory D:\Users\GERARD ESTUDIOS\MIS ESTUDIOS\CARRERAS\CIBERTEC\CICLO 04\LENGUAJE PROGRAMACIÓN II\PROYECTO\PROYECTO_LP2_EFSRT\PROYECTO_FINAL\ProyectoBioSalud\src\test\resources
2024-10-10 19:50:02,556 [Worker-9] WARN  o.e.m.c.i.embedder.EclipseLogger - Using platform encoding (Cp1252 actually) to copy filtered resources, i.e. build is platform dependent!
2024-10-10 19:50:02,561 [Worker-9] INFO  o.e.m.c.i.embedder.EclipseLogger - skip non existing resourceDirectory D:\Users\GERARD ESTUDIOS\MIS ESTUDIOS\CARRERAS\CIBERTEC\CICLO 04\LENGUAJE PROGRAMACIÓN II\PROYECTO\PROYECTO_LP2_EFSRT\PROYECTO_FINAL\ProyectoBioSalud\src\main\resources
2024-10-10 19:50:02,565 [Worker-9] WARN  o.e.m.c.i.embedder.EclipseLogger - Using platform encoding (Cp1252 actually) to copy filtered resources, i.e. build is platform dependent!
2024-10-10 19:50:02,566 [Worker-9] INFO  o.e.m.c.i.embedder.EclipseLogger - skip non existing resourceDirectory D:\Users\GERARD ESTUDIOS\MIS ESTUDIOS\CARRERAS\CIBERTEC\CICLO 04\LENGUAJE PROGRAMACIÓN II\PROYECTO\PROYECTO_LP2_EFSRT\PROYECTO_FINAL\ProyectoBioSalud\src\test\resources
2024-10-10 19:50:25,174 [Worker-17] INFO  o.e.m.c.i.p.ProjectConfigurationManager - Update started
2024-10-10 19:50:25,493 [Worker-17] INFO  o.e.m.c.i.l.LifecycleMappingFactory - Using org.maven.ide.eclipse.wtp.WarLifecycleMapping lifecycle mapping for MavenProject: com.mave.biosalud:ProyectoBioSalud:0.0.1-SNAPSHOT @ D:\Users\GERARD ESTUDIOS\MIS ESTUDIOS\CARRERAS\CIBERTEC\CICLO 04\LENGUAJE PROGRAMACIÓN II\PROYECTO\PROYECTO_LP2_EFSRT\PROYECTO_FINAL\ProyectoBioSalud\pom.xml.
2024-10-10 19:50:26,257 [Worker-17] INFO  o.e.m.j.i.AbstractJavaProjectConfigurator - Adding source folder /ProyectoBioSalud/src/main/java
2024-10-10 19:50:26,257 [Worker-17] INFO  o.e.m.j.i.AbstractJavaProjectConfigurator - Adding source folder /ProyectoBioSalud/src/test/java
2024-10-10 19:50:26,960 [Worker-17] INFO  o.e.m.w.i.f.ResourceFilteringBuildParticipant - Cleaning filtered folder for ProyectoBioSalud
2024-10-10 19:50:26,962 [Worker-17] INFO  o.e.m.c.i.p.ProjectConfigurationManager - Update completed: 1 sec
2024-10-10 19:50:27,517 [Worker-11] WARN  o.e.m.c.i.embedder.EclipseLogger - Using platform encoding (Cp1252 actually) to copy filtered resources, i.e. build is platform dependent!
2024-10-10 19:50:27,517 [Worker-11] INFO  o.e.m.c.i.embedder.EclipseLogger - skip non existing resourceDirectory D:\Users\GERARD ESTUDIOS\MIS ESTUDIOS\CARRERAS\CIBERTEC\CICLO 04\LENGUAJE PROGRAMACIÓN II\PROYECTO\PROYECTO_LP2_EFSRT\PROYECTO_FINAL\ProyectoBioSalud\src\main\resources
2024-10-10 19:50:27,518 [Worker-11] WARN  o.e.m.c.i.embedder.EclipseLogger - Using platform encoding (Cp1252 actually) to copy filtered resources, i.e. build is platform dependent!
2024-10-10 19:50:27,519 [Worker-11] INFO  o.e.m.c.i.embedder.EclipseLogger - skip non existing resourceDirectory D:\Users\GERARD ESTUDIOS\MIS ESTUDIOS\CARRERAS\CIBERTEC\CICLO 04\LENGUAJE PROGRAMACIÓN II\PROYECTO\PROYECTO_LP2_EFSRT\PROYECTO_FINAL\ProyectoBioSalud\src\test\resources
2024-10-10 19:50:27,519 [Worker-11] INFO  o.e.m.w.i.f.ResourceFilteringBuildParticipant - Changed resources require a complete clean of filtered resources of ProyectoBioSalud
2024-10-10 19:50:27,519 [Worker-11] INFO  o.e.m.w.i.f.ResourceFilteringBuildParticipant - Executing resource filtering for ProyectoBioSalud
2024-10-10 19:50:27,526 [Worker-11] WARN  o.e.m.c.i.embedder.EclipseLogger - Using platform encoding (Cp1252 actually) to copy filtered resources, i.e. build is platform dependent!
2024-10-10 19:50:38,002 [Worker-3] INFO  o.e.m.c.i.p.ProjectConfigurationManager - Update started
2024-10-10 19:50:38,242 [Worker-3] INFO  o.e.m.c.i.l.LifecycleMappingFactory - Using org.maven.ide.eclipse.wtp.WarLifecycleMapping lifecycle mapping for MavenProject: com.mave.biosalud:ProyectoBioSalud:0.0.1-SNAPSHOT @ D:\Users\GERARD ESTUDIOS\MIS ESTUDIOS\CARRERAS\CIBERTEC\CICLO 04\LENGUAJE PROGRAMACIÓN II\PROYECTO\PROYECTO_LP2_EFSRT\PROYECTO_FINAL\ProyectoBioSalud\pom.xml.
2024-10-10 19:50:38,857 [Worker-3] INFO  o.e.m.j.i.AbstractJavaProjectConfigurator - Adding source folder /ProyectoBioSalud/src/main/java
2024-10-10 19:50:38,857 [Worker-3] INFO  o.e.m.j.i.AbstractJavaProjectConfigurator - Adding source folder /ProyectoBioSalud/src/test/java
2024-10-10 19:50:39,219 [Worker-3] INFO  o.e.m.w.i.f.ResourceFilteringBuildParticipant - Cleaning filtered folder for ProyectoBioSalud
2024-10-10 19:50:39,221 [Worker-3] INFO  o.e.m.c.i.p.ProjectConfigurationManager - Update completed: 1 sec
2024-10-10 19:50:39,722 [Worker-13] WARN  o.e.m.c.i.embedder.EclipseLogger - Using platform encoding (Cp1252 actually) to copy filtered resources, i.e. build is platform dependent!
2024-10-10 19:50:39,723 [Worker-13] INFO  o.e.m.c.i.embedder.EclipseLogger - skip non existing resourceDirectory D:\Users\GERARD ESTUDIOS\MIS ESTUDIOS\CARRERAS\CIBERTEC\CICLO 04\LENGUAJE PROGRAMACIÓN II\PROYECTO\PROYECTO_LP2_EFSRT\PROYECTO_FINAL\ProyectoBioSalud\src\main\resources
2024-10-10 19:50:39,723 [Worker-13] WARN  o.e.m.c.i.embedder.EclipseLogger - Using platform encoding (Cp1252 actually) to copy filtered resources, i.e. build is platform dependent!
2024-10-10 19:50:39,724 [Worker-13] INFO  o.e.m.c.i.embedder.EclipseLogger - skip non existing resourceDirectory D:\Users\GERARD ESTUDIOS\MIS ESTUDIOS\CARRERAS\CIBERTEC\CICLO 04\LENGUAJE PROGRAMACIÓN II\PROYECTO\PROYECTO_LP2_EFSRT\PROYECTO_FINAL\ProyectoBioSalud\src\test\resources
2024-10-10 19:50:39,724 [Worker-13] INFO  o.e.m.w.i.f.ResourceFilteringBuildParticipant - Changed resources require a complete clean of filtered resources of ProyectoBioSalud
2024-10-10 19:50:39,724 [Worker-13] INFO  o.e.m.w.i.f.ResourceFilteringBuildParticipant - Executing resource filtering for ProyectoBioSalud
2024-10-10 19:50:39,726 [Worker-13] WARN  o.e.m.c.i.embedder.EclipseLogger - Using platform encoding (Cp1252 actually) to copy filtered resources, i.e. build is platform dependent!
2024-10-10 20:01:21,152 [Worker-5] WARN  o.e.m.c.i.embedder.EclipseLogger - Using platform encoding (Cp1252 actually) to copy filtered resources, i.e. build is platform dependent!
2024-10-10 20:01:21,152 [Worker-5] INFO  o.e.m.c.i.embedder.EclipseLogger - skip non existing resourceDirectory D:\Users\GERARD ESTUDIOS\MIS ESTUDIOS\CARRERAS\CIBERTEC\CICLO 04\LENGUAJE PROGRAMACIÓN II\PROYECTO\PROYECTO_LP2_EFSRT\PROYECTO_FINAL\ProyectoBioSalud\src\main\resources
2024-10-10 20:01:21,153 [Worker-5] WARN  o.e.m.c.i.embedder.EclipseLogger - Using platform encoding (Cp1252 actually) to copy filtered resources, i.e. build is platform dependent!
2024-10-10 20:01:21,153 [Worker-5] INFO  o.e.m.c.i.embedder.EclipseLogger - skip non existing resourceDirectory D:\Users\GERARD ESTUDIOS\MIS ESTUDIOS\CARRERAS\CIBERTEC\CICLO 04\LENGUAJE PROGRAMACIÓN II\PROYECTO\PROYECTO_LP2_EFSRT\PROYECTO_FINAL\ProyectoBioSalud\src\test\resources
2024-10-10 20:03:05,974 [Worker-20] WARN  o.e.m.c.i.embedder.EclipseLogger - Using platform encoding (Cp1252 actually) to copy filtered resources, i.e. build is platform dependent!
2024-10-10 20:03:05,974 [Worker-20] INFO  o.e.m.c.i.embedder.EclipseLogger - skip non existing resourceDirectory D:\Users\GERARD ESTUDIOS\MIS ESTUDIOS\CARRERAS\CIBERTEC\CICLO 04\LENGUAJE PROGRAMACIÓN II\PROYECTO\PROYECTO_LP2_EFSRT\PROYECTO_FINAL\ProyectoBioSalud\src\main\resources
2024-10-10 20:03:05,975 [Worker-20] WARN  o.e.m.c.i.embedder.EclipseLogger - Using platform encoding (Cp1252 actually) to copy filtered resources, i.e. build is platform dependent!
2024-10-10 20:03:05,976 [Worker-20] INFO  o.e.m.c.i.embedder.EclipseLogger - skip non existing resourceDirectory D:\Users\GERARD ESTUDIOS\MIS ESTUDIOS\CARRERAS\CIBERTEC\CICLO 04\LENGUAJE PROGRAMACIÓN II\PROYECTO\PROYECTO_LP2_EFSRT\PROYECTO_FINAL\ProyectoBioSalud\src\test\resources
2024-10-10 20:03:14,539 [Worker-20] WARN  o.e.m.c.i.embedder.EclipseLogger - Using platform encoding (Cp1252 actually) to copy filtered resources, i.e. build is platform dependent!
2024-10-10 20:03:14,539 [Worker-20] INFO  o.e.m.c.i.embedder.EclipseLogger - skip non existing resourceDirectory D:\Users\GERARD ESTUDIOS\MIS ESTUDIOS\CARRERAS\CIBERTEC\CICLO 04\LENGUAJE PROGRAMACIÓN II\PROYECTO\PROYECTO_LP2_EFSRT\PROYECTO_FINAL\ProyectoBioSalud\src\main\resources
2024-10-10 20:03:14,540 [Worker-20] WARN  o.e.m.c.i.embedder.EclipseLogger - Using platform encoding (Cp1252 actually) to copy filtered resources, i.e. build is platform dependent!
2024-10-10 20:03:14,541 [Worker-20] INFO  o.e.m.c.i.embedder.EclipseLogger - skip non existing resourceDirectory D:\Users\GERARD ESTUDIOS\MIS ESTUDIOS\CARRERAS\CIBERTEC\CICLO 04\LENGUAJE PROGRAMACIÓN II\PROYECTO\PROYECTO_LP2_EFSRT\PROYECTO_FINAL\ProyectoBioSalud\src\test\resources
2024-10-10 20:03:38,476 [Worker-21] WARN  o.e.m.c.i.embedder.EclipseLogger - Using platform encoding (Cp1252 actually) to copy filtered resources, i.e. build is platform dependent!
2024-10-10 20:03:38,477 [Worker-21] INFO  o.e.m.c.i.embedder.EclipseLogger - skip non existing resourceDirectory D:\Users\GERARD ESTUDIOS\MIS ESTUDIOS\CARRERAS\CIBERTEC\CICLO 04\LENGUAJE PROGRAMACIÓN II\PROYECTO\PROYECTO_LP2_EFSRT\PROYECTO_FINAL\ProyectoBioSalud\src\main\resources
2024-10-10 20:03:38,481 [Worker-21] WARN  o.e.m.c.i.embedder.EclipseLogger - Using platform encoding (Cp1252 actually) to copy filtered resources, i.e. build is platform dependent!
2024-10-10 20:03:38,483 [Worker-21] INFO  o.e.m.c.i.embedder.EclipseLogger - skip non existing resourceDirectory D:\Users\GERARD ESTUDIOS\MIS ESTUDIOS\CARRERAS\CIBERTEC\CICLO 04\LENGUAJE PROGRAMACIÓN II\PROYECTO\PROYECTO_LP2_EFSRT\PROYECTO_FINAL\ProyectoBioSalud\src\test\resources
2024-10-10 20:03:46,015 [Worker-20] WARN  o.e.m.c.i.embedder.EclipseLogger - Using platform encoding (Cp1252 actually) to copy filtered resources, i.e. build is platform dependent!
2024-10-10 20:03:46,016 [Worker-20] INFO  o.e.m.c.i.embedder.EclipseLogger - skip non existing resourceDirectory D:\Users\GERARD ESTUDIOS\MIS ESTUDIOS\CARRERAS\CIBERTEC\CICLO 04\LENGUAJE PROGRAMACIÓN II\PROYECTO\PROYECTO_LP2_EFSRT\PROYECTO_FINAL\ProyectoBioSalud\src\main\resources
2024-10-10 20:03:46,016 [Worker-20] WARN  o.e.m.c.i.embedder.EclipseLogger - Using platform encoding (Cp1252 actually) to copy filtered resources, i.e. build is platform dependent!
2024-10-10 20:03:46,017 [Worker-20] INFO  o.e.m.c.i.embedder.EclipseLogger - skip non existing resourceDirectory D:\Users\GERARD ESTUDIOS\MIS ESTUDIOS\CARRERAS\CIBERTEC\CICLO 04\LENGUAJE PROGRAMACIÓN II\PROYECTO\PROYECTO_LP2_EFSRT\PROYECTO_FINAL\ProyectoBioSalud\src\test\resources
2024-10-10 20:04:17,808 [Worker-5] INFO  o.e.m.c.i.p.ProjectConfigurationManager - Update started
2024-10-10 20:04:18,058 [Worker-5] INFO  o.e.m.c.i.l.LifecycleMappingFactory - Using org.maven.ide.eclipse.wtp.WarLifecycleMapping lifecycle mapping for MavenProject: com.mave.biosalud:ProyectoBioSalud:0.0.1-SNAPSHOT @ D:\Users\GERARD ESTUDIOS\MIS ESTUDIOS\CARRERAS\CIBERTEC\CICLO 04\LENGUAJE PROGRAMACIÓN II\PROYECTO\PROYECTO_LP2_EFSRT\PROYECTO_FINAL\ProyectoBioSalud\pom.xml.
2024-10-10 20:04:18,727 [Worker-5] INFO  o.e.m.j.i.AbstractJavaProjectConfigurator - Adding source folder /ProyectoBioSalud/src/main/java
2024-10-10 20:04:18,728 [Worker-5] INFO  o.e.m.j.i.AbstractJavaProjectConfigurator - Adding source folder /ProyectoBioSalud/src/test/java
2024-10-10 20:04:19,278 [Worker-5] INFO  o.e.m.w.i.f.ResourceFilteringBuildParticipant - Cleaning filtered folder for ProyectoBioSalud
2024-10-10 20:04:19,280 [Worker-5] INFO  o.e.m.c.i.p.ProjectConfigurationManager - Update completed: 1 sec
2024-10-10 20:04:19,745 [Worker-20] WARN  o.e.m.c.i.embedder.EclipseLogger - Using platform encoding (Cp1252 actually) to copy filtered resources, i.e. build is platform dependent!
2024-10-10 20:04:19,746 [Worker-20] INFO  o.e.m.c.i.embedder.EclipseLogger - skip non existing resourceDirectory D:\Users\GERARD ESTUDIOS\MIS ESTUDIOS\CARRERAS\CIBERTEC\CICLO 04\LENGUAJE PROGRAMACIÓN II\PROYECTO\PROYECTO_LP2_EFSRT\PROYECTO_FINAL\ProyectoBioSalud\src\main\resources
2024-10-10 20:04:19,747 [Worker-20] WARN  o.e.m.c.i.embedder.EclipseLogger - Using platform encoding (Cp1252 actually) to copy filtered resources, i.e. build is platform dependent!
2024-10-10 20:04:19,747 [Worker-20] INFO  o.e.m.c.i.embedder.EclipseLogger - skip non existing resourceDirectory D:\Users\GERARD ESTUDIOS\MIS ESTUDIOS\CARRERAS\CIBERTEC\CICLO 04\LENGUAJE PROGRAMACIÓN II\PROYECTO\PROYECTO_LP2_EFSRT\PROYECTO_FINAL\ProyectoBioSalud\src\test\resources
2024-10-10 20:04:19,747 [Worker-20] INFO  o.e.m.w.i.f.ResourceFilteringBuildParticipant - Changed resources require a complete clean of filtered resources of ProyectoBioSalud
2024-10-10 20:04:19,747 [Worker-20] INFO  o.e.m.w.i.f.ResourceFilteringBuildParticipant - Executing resource filtering for ProyectoBioSalud
2024-10-10 20:04:19,750 [Worker-20] WARN  o.e.m.c.i.embedder.EclipseLogger - Using platform encoding (Cp1252 actually) to copy filtered resources, i.e. build is platform dependent!
2024-10-10 20:04:28,353 [Worker-21] WARN  o.e.m.c.i.embedder.EclipseLogger - Using platform encoding (Cp1252 actually) to copy filtered resources, i.e. build is platform dependent!
2024-10-10 20:04:28,355 [Worker-21] INFO  o.e.m.c.i.embedder.EclipseLogger - skip non existing resourceDirectory D:\Users\GERARD ESTUDIOS\MIS ESTUDIOS\CARRERAS\CIBERTEC\CICLO 04\LENGUAJE PROGRAMACIÓN II\PROYECTO\PROYECTO_LP2_EFSRT\PROYECTO_FINAL\ProyectoBioSalud\src\main\resources
2024-10-10 20:04:28,357 [Worker-21] WARN  o.e.m.c.i.embedder.EclipseLogger - Using platform encoding (Cp1252 actually) to copy filtered resources, i.e. build is platform dependent!
2024-10-10 20:04:28,360 [Worker-21] INFO  o.e.m.c.i.embedder.EclipseLogger - skip non existing resourceDirectory D:\Users\GERARD ESTUDIOS\MIS ESTUDIOS\CARRERAS\CIBERTEC\CICLO 04\LENGUAJE PROGRAMACIÓN II\PROYECTO\PROYECTO_LP2_EFSRT\PROYECTO_FINAL\ProyectoBioSalud\src\test\resources
2024-10-10 20:05:53,498 [Worker-23] WARN  o.e.m.c.i.embedder.EclipseLogger - Using platform encoding (Cp1252 actually) to copy filtered resources, i.e. build is platform dependent!
2024-10-10 20:05:53,498 [Worker-23] INFO  o.e.m.c.i.embedder.EclipseLogger - skip non existing resourceDirectory D:\Users\GERARD ESTUDIOS\MIS ESTUDIOS\CARRERAS\CIBERTEC\CICLO 04\LENGUAJE PROGRAMACIÓN II\PROYECTO\PROYECTO_LP2_EFSRT\PROYECTO_FINAL\ProyectoBioSalud\src\main\resources
2024-10-10 20:05:53,498 [Worker-23] WARN  o.e.m.c.i.embedder.EclipseLogger - Using platform encoding (Cp1252 actually) to copy filtered resources, i.e. build is platform dependent!
2024-10-10 20:05:53,500 [Worker-23] INFO  o.e.m.c.i.embedder.EclipseLogger - skip non existing resourceDirectory D:\Users\GERARD ESTUDIOS\MIS ESTUDIOS\CARRERAS\CIBERTEC\CICLO 04\LENGUAJE PROGRAMACIÓN II\PROYECTO\PROYECTO_LP2_EFSRT\PROYECTO_FINAL\ProyectoBioSalud\src\test\resources
2024-10-10 20:06:00,970 [Worker-24] WARN  o.e.m.c.i.embedder.EclipseLogger - Using platform encoding (Cp1252 actually) to copy filtered resources, i.e. build is platform dependent!
2024-10-10 20:06:00,971 [Worker-24] INFO  o.e.m.c.i.embedder.EclipseLogger - skip non existing resourceDirectory D:\Users\GERARD ESTUDIOS\MIS ESTUDIOS\CARRERAS\CIBERTEC\CICLO 04\LENGUAJE PROGRAMACIÓN II\PROYECTO\PROYECTO_LP2_EFSRT\PROYECTO_FINAL\ProyectoBioSalud\src\main\resources
2024-10-10 20:06:00,971 [Worker-24] WARN  o.e.m.c.i.embedder.EclipseLogger - Using platform encoding (Cp1252 actually) to copy filtered resources, i.e. build is platform dependent!
2024-10-10 20:06:00,972 [Worker-24] INFO  o.e.m.c.i.embedder.EclipseLogger - skip non existing resourceDirectory D:\Users\GERARD ESTUDIOS\MIS ESTUDIOS\CARRERAS\CIBERTEC\CICLO 04\LENGUAJE PROGRAMACIÓN II\PROYECTO\PROYECTO_LP2_EFSRT\PROYECTO_FINAL\ProyectoBioSalud\src\test\resources
2024-10-10 20:06:57,287 [Worker-24] WARN  o.e.m.c.i.embedder.EclipseLogger - Using platform encoding (Cp1252 actually) to copy filtered resources, i.e. build is platform dependent!
2024-10-10 20:06:57,287 [Worker-24] INFO  o.e.m.c.i.embedder.EclipseLogger - skip non existing resourceDirectory D:\Users\GERARD ESTUDIOS\MIS ESTUDIOS\CARRERAS\CIBERTEC\CICLO 04\LENGUAJE PROGRAMACIÓN II\PROYECTO\PROYECTO_LP2_EFSRT\PROYECTO_FINAL\ProyectoBioSalud\src\main\resources
2024-10-10 20:06:57,288 [Worker-24] WARN  o.e.m.c.i.embedder.EclipseLogger - Using platform encoding (Cp1252 actually) to copy filtered resources, i.e. build is platform dependent!
2024-10-10 20:06:57,289 [Worker-24] INFO  o.e.m.c.i.embedder.EclipseLogger - skip non existing resourceDirectory D:\Users\GERARD ESTUDIOS\MIS ESTUDIOS\CARRERAS\CIBERTEC\CICLO 04\LENGUAJE PROGRAMACIÓN II\PROYECTO\PROYECTO_LP2_EFSRT\PROYECTO_FINAL\ProyectoBioSalud\src\test\resources
2024-10-10 20:07:44,482 [Worker-20] WARN  o.e.m.c.i.embedder.EclipseLogger - Using platform encoding (Cp1252 actually) to copy filtered resources, i.e. build is platform dependent!
2024-10-10 20:07:44,483 [Worker-20] INFO  o.e.m.c.i.embedder.EclipseLogger - skip non existing resourceDirectory D:\Users\GERARD ESTUDIOS\MIS ESTUDIOS\CARRERAS\CIBERTEC\CICLO 04\LENGUAJE PROGRAMACIÓN II\PROYECTO\PROYECTO_LP2_EFSRT\PROYECTO_FINAL\ProyectoBioSalud\src\main\resources
2024-10-10 20:07:44,483 [Worker-20] WARN  o.e.m.c.i.embedder.EclipseLogger - Using platform encoding (Cp1252 actually) to copy filtered resources, i.e. build is platform dependent!
2024-10-10 20:07:44,484 [Worker-20] INFO  o.e.m.c.i.embedder.EclipseLogger - skip non existing resourceDirectory D:\Users\GERARD ESTUDIOS\MIS ESTUDIOS\CARRERAS\CIBERTEC\CICLO 04\LENGUAJE PROGRAMACIÓN II\PROYECTO\PROYECTO_LP2_EFSRT\PROYECTO_FINAL\ProyectoBioSalud\src\test\resources
2024-10-10 20:08:08,496 [Worker-20] WARN  o.e.m.c.i.embedder.EclipseLogger - Using platform encoding (Cp1252 actually) to copy filtered resources, i.e. build is platform dependent!
2024-10-10 20:08:08,497 [Worker-20] INFO  o.e.m.c.i.embedder.EclipseLogger - skip non existing resourceDirectory D:\Users\GERARD ESTUDIOS\MIS ESTUDIOS\CARRERAS\CIBERTEC\CICLO 04\LENGUAJE PROGRAMACIÓN II\PROYECTO\PROYECTO_LP2_EFSRT\PROYECTO_FINAL\ProyectoBioSalud\src\main\resources
2024-10-10 20:08:08,497 [Worker-20] WARN  o.e.m.c.i.embedder.EclipseLogger - Using platform encoding (Cp1252 actually) to copy filtered resources, i.e. build is platform dependent!
2024-10-10 20:08:08,498 [Worker-20] INFO  o.e.m.c.i.embedder.EclipseLogger - skip non existing resourceDirectory D:\Users\GERARD ESTUDIOS\MIS ESTUDIOS\CARRERAS\CIBERTEC\CICLO 04\LENGUAJE PROGRAMACIÓN II\PROYECTO\PROYECTO_LP2_EFSRT\PROYECTO_FINAL\ProyectoBioSalud\src\test\resources
2024-10-10 20:08:23,208 [Worker-23] WARN  o.e.m.c.i.embedder.EclipseLogger - Using platform encoding (Cp1252 actually) to copy filtered resources, i.e. build is platform dependent!
2024-10-10 20:08:23,209 [Worker-23] INFO  o.e.m.c.i.embedder.EclipseLogger - skip non existing resourceDirectory D:\Users\GERARD ESTUDIOS\MIS ESTUDIOS\CARRERAS\CIBERTEC\CICLO 04\LENGUAJE PROGRAMACIÓN II\PROYECTO\PROYECTO_LP2_EFSRT\PROYECTO_FINAL\ProyectoBioSalud\src\main\resources
2024-10-10 20:08:23,210 [Worker-23] WARN  o.e.m.c.i.embedder.EclipseLogger - Using platform encoding (Cp1252 actually) to copy filtered resources, i.e. build is platform dependent!
2024-10-10 20:08:23,211 [Worker-23] INFO  o.e.m.c.i.embedder.EclipseLogger - skip non existing resourceDirectory D:\Users\GERARD ESTUDIOS\MIS ESTUDIOS\CARRERAS\CIBERTEC\CICLO 04\LENGUAJE PROGRAMACIÓN II\PROYECTO\PROYECTO_LP2_EFSRT\PROYECTO_FINAL\ProyectoBioSalud\src\test\resources
2024-10-10 20:08:57,184 [Worker-25] WARN  o.e.m.c.i.embedder.EclipseLogger - Using platform encoding (Cp1252 actually) to copy filtered resources, i.e. build is platform dependent!
2024-10-10 20:08:57,184 [Worker-25] INFO  o.e.m.c.i.embedder.EclipseLogger - skip non existing resourceDirectory D:\Users\GERARD ESTUDIOS\MIS ESTUDIOS\CARRERAS\CIBERTEC\CICLO 04\LENGUAJE PROGRAMACIÓN II\PROYECTO\PROYECTO_LP2_EFSRT\PROYECTO_FINAL\ProyectoBioSalud\src\main\resources
2024-10-10 20:08:57,185 [Worker-25] WARN  o.e.m.c.i.embedder.EclipseLogger - Using platform encoding (Cp1252 actually) to copy filtered resources, i.e. build is platform dependent!
2024-10-10 20:08:57,186 [Worker-25] INFO  o.e.m.c.i.embedder.EclipseLogger - skip non existing resourceDirectory D:\Users\GERARD ESTUDIOS\MIS ESTUDIOS\CARRERAS\CIBERTEC\CICLO 04\LENGUAJE PROGRAMACIÓN II\PROYECTO\PROYECTO_LP2_EFSRT\PROYECTO_FINAL\ProyectoBioSalud\src\test\resources
2024-10-10 20:09:21,878 [Worker-26] WARN  o.e.m.c.i.embedder.EclipseLogger - Using platform encoding (Cp1252 actually) to copy filtered resources, i.e. build is platform dependent!
2024-10-10 20:09:21,879 [Worker-26] INFO  o.e.m.c.i.embedder.EclipseLogger - skip non existing resourceDirectory D:\Users\GERARD ESTUDIOS\MIS ESTUDIOS\CARRERAS\CIBERTEC\CICLO 04\LENGUAJE PROGRAMACIÓN II\PROYECTO\PROYECTO_LP2_EFSRT\PROYECTO_FINAL\ProyectoBioSalud\src\main\resources
2024-10-10 20:09:21,880 [Worker-26] WARN  o.e.m.c.i.embedder.EclipseLogger - Using platform encoding (Cp1252 actually) to copy filtered resources, i.e. build is platform dependent!
2024-10-10 20:09:21,880 [Worker-26] INFO  o.e.m.c.i.embedder.EclipseLogger - skip non existing resourceDirectory D:\Users\GERARD ESTUDIOS\MIS ESTUDIOS\CARRERAS\CIBERTEC\CICLO 04\LENGUAJE PROGRAMACIÓN II\PROYECTO\PROYECTO_LP2_EFSRT\PROYECTO_FINAL\ProyectoBioSalud\src\test\resources
2024-10-10 20:10:03,710 [Worker-24] WARN  o.e.m.c.i.embedder.EclipseLogger - Using platform encoding (Cp1252 actually) to copy filtered resources, i.e. build is platform dependent!
2024-10-10 20:10:03,710 [Worker-24] INFO  o.e.m.c.i.embedder.EclipseLogger - skip non existing resourceDirectory D:\Users\GERARD ESTUDIOS\MIS ESTUDIOS\CARRERAS\CIBERTEC\CICLO 04\LENGUAJE PROGRAMACIÓN II\PROYECTO\PROYECTO_LP2_EFSRT\PROYECTO_FINAL\ProyectoBioSalud\src\main\resources
2024-10-10 20:10:03,710 [Worker-24] WARN  o.e.m.c.i.embedder.EclipseLogger - Using platform encoding (Cp1252 actually) to copy filtered resources, i.e. build is platform dependent!
2024-10-10 20:10:03,711 [Worker-24] INFO  o.e.m.c.i.embedder.EclipseLogger - skip non existing resourceDirectory D:\Users\GERARD ESTUDIOS\MIS ESTUDIOS\CARRERAS\CIBERTEC\CICLO 04\LENGUAJE PROGRAMACIÓN II\PROYECTO\PROYECTO_LP2_EFSRT\PROYECTO_FINAL\ProyectoBioSalud\src\test\resources
2024-10-10 20:10:15,023 [Worker-25] WARN  o.e.m.c.i.embedder.EclipseLogger - Using platform encoding (Cp1252 actually) to copy filtered resources, i.e. build is platform dependent!
2024-10-10 20:10:15,023 [Worker-25] INFO  o.e.m.c.i.embedder.EclipseLogger - skip non existing resourceDirectory D:\Users\GERARD ESTUDIOS\MIS ESTUDIOS\CARRERAS\CIBERTEC\CICLO 04\LENGUAJE PROGRAMACIÓN II\PROYECTO\PROYECTO_LP2_EFSRT\PROYECTO_FINAL\ProyectoBioSalud\src\main\resources
2024-10-10 20:10:15,024 [Worker-25] WARN  o.e.m.c.i.embedder.EclipseLogger - Using platform encoding (Cp1252 actually) to copy filtered resources, i.e. build is platform dependent!
2024-10-10 20:10:15,025 [Worker-25] INFO  o.e.m.c.i.embedder.EclipseLogger - skip non existing resourceDirectory D:\Users\GERARD ESTUDIOS\MIS ESTUDIOS\CARRERAS\CIBERTEC\CICLO 04\LENGUAJE PROGRAMACIÓN II\PROYECTO\PROYECTO_LP2_EFSRT\PROYECTO_FINAL\ProyectoBioSalud\src\test\resources
2024-10-10 20:10:26,045 [Worker-20] WARN  o.e.m.c.i.embedder.EclipseLogger - Using platform encoding (Cp1252 actually) to copy filtered resources, i.e. build is platform dependent!
2024-10-10 20:10:26,045 [Worker-20] INFO  o.e.m.c.i.embedder.EclipseLogger - skip non existing resourceDirectory D:\Users\GERARD ESTUDIOS\MIS ESTUDIOS\CARRERAS\CIBERTEC\CICLO 04\LENGUAJE PROGRAMACIÓN II\PROYECTO\PROYECTO_LP2_EFSRT\PROYECTO_FINAL\ProyectoBioSalud\src\main\resources
2024-10-10 20:10:26,046 [Worker-20] WARN  o.e.m.c.i.embedder.EclipseLogger - Using platform encoding (Cp1252 actually) to copy filtered resources, i.e. build is platform dependent!
2024-10-10 20:10:26,047 [Worker-20] INFO  o.e.m.c.i.embedder.EclipseLogger - skip non existing resourceDirectory D:\Users\GERARD ESTUDIOS\MIS ESTUDIOS\CARRERAS\CIBERTEC\CICLO 04\LENGUAJE PROGRAMACIÓN II\PROYECTO\PROYECTO_LP2_EFSRT\PROYECTO_FINAL\ProyectoBioSalud\src\test\resources
2024-10-10 20:11:41,385 [Worker-28] WARN  o.e.m.c.i.embedder.EclipseLogger - Using platform encoding (Cp1252 actually) to copy filtered resources, i.e. build is platform dependent!
2024-10-10 20:11:41,386 [Worker-28] INFO  o.e.m.c.i.embedder.EclipseLogger - skip non existing resourceDirectory D:\Users\GERARD ESTUDIOS\MIS ESTUDIOS\CARRERAS\CIBERTEC\CICLO 04\LENGUAJE PROGRAMACIÓN II\PROYECTO\PROYECTO_LP2_EFSRT\PROYECTO_FINAL\ProyectoBioSalud\src\main\resources
2024-10-10 20:11:41,386 [Worker-28] WARN  o.e.m.c.i.embedder.EclipseLogger - Using platform encoding (Cp1252 actually) to copy filtered resources, i.e. build is platform dependent!
2024-10-10 20:11:41,388 [Worker-28] INFO  o.e.m.c.i.embedder.EclipseLogger - skip non existing resourceDirectory D:\Users\GERARD ESTUDIOS\MIS ESTUDIOS\CARRERAS\CIBERTEC\CICLO 04\LENGUAJE PROGRAMACIÓN II\PROYECTO\PROYECTO_LP2_EFSRT\PROYECTO_FINAL\ProyectoBioSalud\src\test\resources
2024-10-10 20:11:50,040 [Worker-25] INFO  o.e.m.c.i.p.ProjectConfigurationManager - Update started
2024-10-10 20:11:50,274 [Worker-25] INFO  o.e.m.c.i.l.LifecycleMappingFactory - Using org.maven.ide.eclipse.wtp.WarLifecycleMapping lifecycle mapping for MavenProject: com.mave.biosalud:ProyectoBioSalud:0.0.1-SNAPSHOT @ D:\Users\GERARD ESTUDIOS\MIS ESTUDIOS\CARRERAS\CIBERTEC\CICLO 04\LENGUAJE PROGRAMACIÓN II\PROYECTO\PROYECTO_LP2_EFSRT\PROYECTO_FINAL\ProyectoBioSalud\pom.xml.
2024-10-10 20:11:50,915 [Worker-25] INFO  o.e.m.j.i.AbstractJavaProjectConfigurator - Adding source folder /ProyectoBioSalud/src/main/java
2024-10-10 20:11:50,915 [Worker-25] INFO  o.e.m.j.i.AbstractJavaProjectConfigurator - Adding source folder /ProyectoBioSalud/src/test/java
2024-10-10 20:11:51,454 [Worker-25] INFO  o.e.m.w.i.f.ResourceFilteringBuildParticipant - Cleaning filtered folder for ProyectoBioSalud
2024-10-10 20:11:51,456 [Worker-25] INFO  o.e.m.c.i.p.ProjectConfigurationManager - Update completed: 1 sec
2024-10-10 20:11:51,975 [Worker-23] WARN  o.e.m.c.i.embedder.EclipseLogger - Using platform encoding (Cp1252 actually) to copy filtered resources, i.e. build is platform dependent!
2024-10-10 20:11:51,975 [Worker-23] INFO  o.e.m.c.i.embedder.EclipseLogger - skip non existing resourceDirectory D:\Users\GERARD ESTUDIOS\MIS ESTUDIOS\CARRERAS\CIBERTEC\CICLO 04\LENGUAJE PROGRAMACIÓN II\PROYECTO\PROYECTO_LP2_EFSRT\PROYECTO_FINAL\ProyectoBioSalud\src\main\resources
2024-10-10 20:11:51,976 [Worker-23] WARN  o.e.m.c.i.embedder.EclipseLogger - Using platform encoding (Cp1252 actually) to copy filtered resources, i.e. build is platform dependent!
2024-10-10 20:11:51,977 [Worker-23] INFO  o.e.m.c.i.embedder.EclipseLogger - skip non existing resourceDirectory D:\Users\GERARD ESTUDIOS\MIS ESTUDIOS\CARRERAS\CIBERTEC\CICLO 04\LENGUAJE PROGRAMACIÓN II\PROYECTO\PROYECTO_LP2_EFSRT\PROYECTO_FINAL\ProyectoBioSalud\src\test\resources
2024-10-10 20:11:51,977 [Worker-23] INFO  o.e.m.w.i.f.ResourceFilteringBuildParticipant - Changed resources require a complete clean of filtered resources of ProyectoBioSalud
2024-10-10 20:11:51,977 [Worker-23] INFO  o.e.m.w.i.f.ResourceFilteringBuildParticipant - Executing resource filtering for ProyectoBioSalud
2024-10-10 20:11:51,979 [Worker-23] WARN  o.e.m.c.i.embedder.EclipseLogger - Using platform encoding (Cp1252 actually) to copy filtered resources, i.e. build is platform dependent!
2024-10-10 20:12:42,747 [Worker-26] WARN  o.e.m.c.i.embedder.EclipseLogger - Using platform encoding (Cp1252 actually) to copy filtered resources, i.e. build is platform dependent!
2024-10-10 20:12:42,748 [Worker-26] INFO  o.e.m.c.i.embedder.EclipseLogger - skip non existing resourceDirectory D:\Users\GERARD ESTUDIOS\MIS ESTUDIOS\CARRERAS\CIBERTEC\CICLO 04\LENGUAJE PROGRAMACIÓN II\PROYECTO\PROYECTO_LP2_EFSRT\PROYECTO_FINAL\ProyectoBioSalud\src\main\resources
2024-10-10 20:12:42,748 [Worker-26] WARN  o.e.m.c.i.embedder.EclipseLogger - Using platform encoding (Cp1252 actually) to copy filtered resources, i.e. build is platform dependent!
2024-10-10 20:12:42,749 [Worker-26] INFO  o.e.m.c.i.embedder.EclipseLogger - skip non existing resourceDirectory D:\Users\GERARD ESTUDIOS\MIS ESTUDIOS\CARRERAS\CIBERTEC\CICLO 04\LENGUAJE PROGRAMACIÓN II\PROYECTO\PROYECTO_LP2_EFSRT\PROYECTO_FINAL\ProyectoBioSalud\src\test\resources
2024-10-10 20:12:48,443 [Worker-27] WARN  o.e.m.c.i.embedder.EclipseLogger - Using platform encoding (Cp1252 actually) to copy filtered resources, i.e. build is platform dependent!
2024-10-10 20:12:48,444 [Worker-27] INFO  o.e.m.c.i.embedder.EclipseLogger - skip non existing resourceDirectory D:\Users\GERARD ESTUDIOS\MIS ESTUDIOS\CARRERAS\CIBERTEC\CICLO 04\LENGUAJE PROGRAMACIÓN II\PROYECTO\PROYECTO_LP2_EFSRT\PROYECTO_FINAL\ProyectoBioSalud\src\main\resources
2024-10-10 20:12:48,446 [Worker-27] WARN  o.e.m.c.i.embedder.EclipseLogger - Using platform encoding (Cp1252 actually) to copy filtered resources, i.e. build is platform dependent!
2024-10-10 20:12:48,447 [Worker-27] INFO  o.e.m.c.i.embedder.EclipseLogger - skip non existing resourceDirectory D:\Users\GERARD ESTUDIOS\MIS ESTUDIOS\CARRERAS\CIBERTEC\CICLO 04\LENGUAJE PROGRAMACIÓN II\PROYECTO\PROYECTO_LP2_EFSRT\PROYECTO_FINAL\ProyectoBioSalud\src\test\resources
2024-10-10 20:12:57,560 [Worker-23] INFO  o.e.m.c.i.p.ProjectConfigurationManager - Update started
2024-10-10 20:12:57,785 [Worker-23] INFO  o.e.m.c.i.l.LifecycleMappingFactory - Using org.maven.ide.eclipse.wtp.WarLifecycleMapping lifecycle mapping for MavenProject: com.mave.biosalud:ProyectoBioSalud:0.0.1-SNAPSHOT @ D:\Users\GERARD ESTUDIOS\MIS ESTUDIOS\CARRERAS\CIBERTEC\CICLO 04\LENGUAJE PROGRAMACIÓN II\PROYECTO\PROYECTO_LP2_EFSRT\PROYECTO_FINAL\ProyectoBioSalud\pom.xml.
2024-10-10 20:12:58,431 [Worker-23] INFO  o.e.m.j.i.AbstractJavaProjectConfigurator - Adding source folder /ProyectoBioSalud/src/main/java
2024-10-10 20:12:58,432 [Worker-23] INFO  o.e.m.j.i.AbstractJavaProjectConfigurator - Adding source folder /ProyectoBioSalud/src/test/java
2024-10-10 20:12:58,872 [Worker-23] INFO  o.e.m.w.i.f.ResourceFilteringBuildParticipant - Cleaning filtered folder for ProyectoBioSalud
2024-10-10 20:12:58,874 [Worker-23] INFO  o.e.m.c.i.p.ProjectConfigurationManager - Update completed: 1 sec
2024-10-10 20:12:59,527 [Worker-21] WARN  o.e.m.c.i.embedder.EclipseLogger - Using platform encoding (Cp1252 actually) to copy filtered resources, i.e. build is platform dependent!
2024-10-10 20:12:59,527 [Worker-21] INFO  o.e.m.c.i.embedder.EclipseLogger - skip non existing resourceDirectory D:\Users\GERARD ESTUDIOS\MIS ESTUDIOS\CARRERAS\CIBERTEC\CICLO 04\LENGUAJE PROGRAMACIÓN II\PROYECTO\PROYECTO_LP2_EFSRT\PROYECTO_FINAL\ProyectoBioSalud\src\main\resources
2024-10-10 20:12:59,528 [Worker-21] WARN  o.e.m.c.i.embedder.EclipseLogger - Using platform encoding (Cp1252 actually) to copy filtered resources, i.e. build is platform dependent!
2024-10-10 20:12:59,529 [Worker-21] INFO  o.e.m.c.i.embedder.EclipseLogger - skip non existing resourceDirectory D:\Users\GERARD ESTUDIOS\MIS ESTUDIOS\CARRERAS\CIBERTEC\CICLO 04\LENGUAJE PROGRAMACIÓN II\PROYECTO\PROYECTO_LP2_EFSRT\PROYECTO_FINAL\ProyectoBioSalud\src\test\resources
2024-10-10 20:12:59,529 [Worker-21] INFO  o.e.m.w.i.f.ResourceFilteringBuildParticipant - Changed resources require a complete clean of filtered resources of ProyectoBioSalud
2024-10-10 20:12:59,529 [Worker-21] INFO  o.e.m.w.i.f.ResourceFilteringBuildParticipant - Executing resource filtering for ProyectoBioSalud
2024-10-10 20:12:59,531 [Worker-21] WARN  o.e.m.c.i.embedder.EclipseLogger - Using platform encoding (Cp1252 actually) to copy filtered resources, i.e. build is platform dependent!
2024-10-10 20:13:05,971 [Worker-20] WARN  o.e.m.c.i.embedder.EclipseLogger - Using platform encoding (Cp1252 actually) to copy filtered resources, i.e. build is platform dependent!
2024-10-10 20:13:05,972 [Worker-20] INFO  o.e.m.c.i.embedder.EclipseLogger - skip non existing resourceDirectory D:\Users\GERARD ESTUDIOS\MIS ESTUDIOS\CARRERAS\CIBERTEC\CICLO 04\LENGUAJE PROGRAMACIÓN II\PROYECTO\PROYECTO_LP2_EFSRT\PROYECTO_FINAL\ProyectoBioSalud\src\main\resources
2024-10-10 20:13:05,972 [Worker-20] WARN  o.e.m.c.i.embedder.EclipseLogger - Using platform encoding (Cp1252 actually) to copy filtered resources, i.e. build is platform dependent!
2024-10-10 20:13:05,973 [Worker-20] INFO  o.e.m.c.i.embedder.EclipseLogger - skip non existing resourceDirectory D:\Users\GERARD ESTUDIOS\MIS ESTUDIOS\CARRERAS\CIBERTEC\CICLO 04\LENGUAJE PROGRAMACIÓN II\PROYECTO\PROYECTO_LP2_EFSRT\PROYECTO_FINAL\ProyectoBioSalud\src\test\resources
2024-10-10 20:24:53,958 [Worker-32] WARN  o.e.m.c.i.embedder.EclipseLogger - Using platform encoding (Cp1252 actually) to copy filtered resources, i.e. build is platform dependent!
2024-10-10 20:24:53,958 [Worker-32] INFO  o.e.m.c.i.embedder.EclipseLogger - skip non existing resourceDirectory D:\Users\GERARD ESTUDIOS\MIS ESTUDIOS\CARRERAS\CIBERTEC\CICLO 04\LENGUAJE PROGRAMACIÓN II\PROYECTO\PROYECTO_LP2_EFSRT\PROYECTO_FINAL\ProyectoBioSalud\src\main\resources
2024-10-10 20:24:53,959 [Worker-32] WARN  o.e.m.c.i.embedder.EclipseLogger - Using platform encoding (Cp1252 actually) to copy filtered resources, i.e. build is platform dependent!
2024-10-10 20:24:53,960 [Worker-32] INFO  o.e.m.c.i.embedder.EclipseLogger - skip non existing resourceDirectory D:\Users\GERARD ESTUDIOS\MIS ESTUDIOS\CARRERAS\CIBERTEC\CICLO 04\LENGUAJE PROGRAMACIÓN II\PROYECTO\PROYECTO_LP2_EFSRT\PROYECTO_FINAL\ProyectoBioSalud\src\test\resources
2024-10-10 20:33:35,688 [Worker-35] WARN  o.e.m.c.i.embedder.EclipseLogger - Using platform encoding (Cp1252 actually) to copy filtered resources, i.e. build is platform dependent!
2024-10-10 20:33:35,690 [Worker-35] INFO  o.e.m.c.i.embedder.EclipseLogger - skip non existing resourceDirectory D:\Users\GERARD ESTUDIOS\MIS ESTUDIOS\CARRERAS\CIBERTEC\CICLO 04\LENGUAJE PROGRAMACIÓN II\PROYECTO\PROYECTO_LP2_EFSRT\PROYECTO_FINAL\ProyectoBioSalud\src\main\resources
2024-10-10 20:33:35,692 [Worker-35] WARN  o.e.m.c.i.embedder.EclipseLogger - Using platform encoding (Cp1252 actually) to copy filtered resources, i.e. build is platform dependent!
2024-10-10 20:33:35,693 [Worker-35] INFO  o.e.m.c.i.embedder.EclipseLogger - skip non existing resourceDirectory D:\Users\GERARD ESTUDIOS\MIS ESTUDIOS\CARRERAS\CIBERTEC\CICLO 04\LENGUAJE PROGRAMACIÓN II\PROYECTO\PROYECTO_LP2_EFSRT\PROYECTO_FINAL\ProyectoBioSalud\src\test\resources
2024-10-10 20:34:13,370 [Worker-35] INFO  o.e.m.c.i.p.ProjectConfigurationManager - Update started
2024-10-10 20:34:13,626 [Worker-35] INFO  o.e.m.c.i.l.LifecycleMappingFactory - Using org.maven.ide.eclipse.wtp.WarLifecycleMapping lifecycle mapping for MavenProject: com.mave.biosalud:ProyectoBioSalud:0.0.1-SNAPSHOT @ D:\Users\GERARD ESTUDIOS\MIS ESTUDIOS\CARRERAS\CIBERTEC\CICLO 04\LENGUAJE PROGRAMACIÓN II\PROYECTO\PROYECTO_LP2_EFSRT\PROYECTO_FINAL\ProyectoBioSalud\pom.xml.
2024-10-10 20:34:14,317 [Worker-35] INFO  o.e.m.j.i.AbstractJavaProjectConfigurator - Adding source folder /ProyectoBioSalud/src/main/java
2024-10-10 20:34:14,317 [Worker-35] INFO  o.e.m.j.i.AbstractJavaProjectConfigurator - Adding source folder /ProyectoBioSalud/src/test/java
2024-10-10 20:34:14,889 [Worker-35] INFO  o.e.m.w.i.f.ResourceFilteringBuildParticipant - Cleaning filtered folder for ProyectoBioSalud
2024-10-10 20:34:14,891 [Worker-35] INFO  o.e.m.c.i.p.ProjectConfigurationManager - Update completed: 1 sec
2024-10-10 20:34:15,645 [Worker-34] WARN  o.e.m.c.i.embedder.EclipseLogger - Using platform encoding (Cp1252 actually) to copy filtered resources, i.e. build is platform dependent!
2024-10-10 20:34:15,646 [Worker-34] INFO  o.e.m.c.i.embedder.EclipseLogger - skip non existing resourceDirectory D:\Users\GERARD ESTUDIOS\MIS ESTUDIOS\CARRERAS\CIBERTEC\CICLO 04\LENGUAJE PROGRAMACIÓN II\PROYECTO\PROYECTO_LP2_EFSRT\PROYECTO_FINAL\ProyectoBioSalud\src\main\resources
2024-10-10 20:34:15,648 [Worker-34] WARN  o.e.m.c.i.embedder.EclipseLogger - Using platform encoding (Cp1252 actually) to copy filtered resources, i.e. build is platform dependent!
2024-10-10 20:34:15,648 [Worker-34] INFO  o.e.m.c.i.embedder.EclipseLogger - skip non existing resourceDirectory D:\Users\GERARD ESTUDIOS\MIS ESTUDIOS\CARRERAS\CIBERTEC\CICLO 04\LENGUAJE PROGRAMACIÓN II\PROYECTO\PROYECTO_LP2_EFSRT\PROYECTO_FINAL\ProyectoBioSalud\src\test\resources
2024-10-10 20:34:15,649 [Worker-34] INFO  o.e.m.w.i.f.ResourceFilteringBuildParticipant - Changed resources require a complete clean of filtered resources of ProyectoBioSalud
2024-10-10 20:34:15,649 [Worker-34] INFO  o.e.m.w.i.f.ResourceFilteringBuildParticipant - Executing resource filtering for ProyectoBioSalud
2024-10-10 20:34:15,651 [Worker-34] WARN  o.e.m.c.i.embedder.EclipseLogger - Using platform encoding (Cp1252 actually) to copy filtered resources, i.e. build is platform dependent!
2024-10-10 20:34:44,199 [Worker-38] WARN  o.e.m.c.i.embedder.EclipseLogger - Using platform encoding (Cp1252 actually) to copy filtered resources, i.e. build is platform dependent!
2024-10-10 20:34:44,201 [Worker-38] INFO  o.e.m.c.i.embedder.EclipseLogger - skip non existing resourceDirectory D:\Users\GERARD ESTUDIOS\MIS ESTUDIOS\CARRERAS\CIBERTEC\CICLO 04\LENGUAJE PROGRAMACIÓN II\PROYECTO\PROYECTO_LP2_EFSRT\PROYECTO_FINAL\ProyectoBioSalud\src\main\resources
2024-10-10 20:34:44,203 [Worker-38] WARN  o.e.m.c.i.embedder.EclipseLogger - Using platform encoding (Cp1252 actually) to copy filtered resources, i.e. build is platform dependent!
2024-10-10 20:34:44,207 [Worker-38] INFO  o.e.m.c.i.embedder.EclipseLogger - skip non existing resourceDirectory D:\Users\GERARD ESTUDIOS\MIS ESTUDIOS\CARRERAS\CIBERTEC\CICLO 04\LENGUAJE PROGRAMACIÓN II\PROYECTO\PROYECTO_LP2_EFSRT\PROYECTO_FINAL\ProyectoBioSalud\src\test\resources
2024-10-10 20:34:48,027 [Worker-37] WARN  o.e.m.c.i.embedder.EclipseLogger - Using platform encoding (Cp1252 actually) to copy filtered resources, i.e. build is platform dependent!
2024-10-10 20:34:48,028 [Worker-37] INFO  o.e.m.c.i.embedder.EclipseLogger - skip non existing resourceDirectory D:\Users\GERARD ESTUDIOS\MIS ESTUDIOS\CARRERAS\CIBERTEC\CICLO 04\LENGUAJE PROGRAMACIÓN II\PROYECTO\PROYECTO_LP2_EFSRT\PROYECTO_FINAL\ProyectoBioSalud\src\main\resources
2024-10-10 20:34:48,029 [Worker-37] WARN  o.e.m.c.i.embedder.EclipseLogger - Using platform encoding (Cp1252 actually) to copy filtered resources, i.e. build is platform dependent!
2024-10-10 20:34:48,029 [Worker-37] INFO  o.e.m.c.i.embedder.EclipseLogger - skip non existing resourceDirectory D:\Users\GERARD ESTUDIOS\MIS ESTUDIOS\CARRERAS\CIBERTEC\CICLO 04\LENGUAJE PROGRAMACIÓN II\PROYECTO\PROYECTO_LP2_EFSRT\PROYECTO_FINAL\ProyectoBioSalud\src\test\resources
2024-10-10 20:34:58,365 [Worker-35] INFO  o.e.m.c.i.p.ProjectConfigurationManager - Update started
2024-10-10 20:34:58,609 [Worker-35] INFO  o.e.m.c.i.l.LifecycleMappingFactory - Using org.maven.ide.eclipse.wtp.WarLifecycleMapping lifecycle mapping for MavenProject: com.mave.biosalud:ProyectoBioSalud:0.0.1-SNAPSHOT @ D:\Users\GERARD ESTUDIOS\MIS ESTUDIOS\CARRERAS\CIBERTEC\CICLO 04\LENGUAJE PROGRAMACIÓN II\PROYECTO\PROYECTO_LP2_EFSRT\PROYECTO_FINAL\ProyectoBioSalud\pom.xml.
2024-10-10 20:34:59,216 [Worker-35] INFO  o.e.m.j.i.AbstractJavaProjectConfigurator - Adding source folder /ProyectoBioSalud/src/main/java
2024-10-10 20:34:59,216 [Worker-35] INFO  o.e.m.j.i.AbstractJavaProjectConfigurator - Adding source folder /ProyectoBioSalud/src/test/java
2024-10-10 20:34:59,637 [Worker-35] INFO  o.e.m.w.i.f.ResourceFilteringBuildParticipant - Cleaning filtered folder for ProyectoBioSalud
2024-10-10 20:34:59,639 [Worker-35] INFO  o.e.m.c.i.p.ProjectConfigurationManager - Update completed: 1 sec
2024-10-10 20:35:00,212 [Worker-41] WARN  o.e.m.c.i.embedder.EclipseLogger - Using platform encoding (Cp1252 actually) to copy filtered resources, i.e. build is platform dependent!
2024-10-10 20:35:00,212 [Worker-41] INFO  o.e.m.c.i.embedder.EclipseLogger - skip non existing resourceDirectory D:\Users\GERARD ESTUDIOS\MIS ESTUDIOS\CARRERAS\CIBERTEC\CICLO 04\LENGUAJE PROGRAMACIÓN II\PROYECTO\PROYECTO_LP2_EFSRT\PROYECTO_FINAL\ProyectoBioSalud\src\main\resources
2024-10-10 20:35:00,213 [Worker-41] WARN  o.e.m.c.i.embedder.EclipseLogger - Using platform encoding (Cp1252 actually) to copy filtered resources, i.e. build is platform dependent!
2024-10-10 20:35:00,214 [Worker-41] INFO  o.e.m.c.i.embedder.EclipseLogger - skip non existing resourceDirectory D:\Users\GERARD ESTUDIOS\MIS ESTUDIOS\CARRERAS\CIBERTEC\CICLO 04\LENGUAJE PROGRAMACIÓN II\PROYECTO\PROYECTO_LP2_EFSRT\PROYECTO_FINAL\ProyectoBioSalud\src\test\resources
2024-10-10 20:35:00,214 [Worker-41] INFO  o.e.m.w.i.f.ResourceFilteringBuildParticipant - Changed resources require a complete clean of filtered resources of ProyectoBioSalud
2024-10-10 20:35:00,214 [Worker-41] INFO  o.e.m.w.i.f.ResourceFilteringBuildParticipant - Executing resource filtering for ProyectoBioSalud
2024-10-10 20:35:00,215 [Worker-41] WARN  o.e.m.c.i.embedder.EclipseLogger - Using platform encoding (Cp1252 actually) to copy filtered resources, i.e. build is platform dependent!
2024-10-10 20:35:27,546 [Worker-42] WARN  o.e.m.c.i.embedder.EclipseLogger - Using platform encoding (Cp1252 actually) to copy filtered resources, i.e. build is platform dependent!
2024-10-10 20:35:27,546 [Worker-42] INFO  o.e.m.c.i.embedder.EclipseLogger - skip non existing resourceDirectory D:\Users\GERARD ESTUDIOS\MIS ESTUDIOS\CARRERAS\CIBERTEC\CICLO 04\LENGUAJE PROGRAMACIÓN II\PROYECTO\PROYECTO_LP2_EFSRT\PROYECTO_FINAL\ProyectoBioSalud\src\main\resources
2024-10-10 20:35:27,547 [Worker-42] WARN  o.e.m.c.i.embedder.EclipseLogger - Using platform encoding (Cp1252 actually) to copy filtered resources, i.e. build is platform dependent!
2024-10-10 20:35:27,548 [Worker-42] INFO  o.e.m.c.i.embedder.EclipseLogger - skip non existing resourceDirectory D:\Users\GERARD ESTUDIOS\MIS ESTUDIOS\CARRERAS\CIBERTEC\CICLO 04\LENGUAJE PROGRAMACIÓN II\PROYECTO\PROYECTO_LP2_EFSRT\PROYECTO_FINAL\ProyectoBioSalud\src\test\resources
2024-10-10 20:35:34,906 [Worker-35] WARN  o.e.m.c.i.embedder.EclipseLogger - Using platform encoding (Cp1252 actually) to copy filtered resources, i.e. build is platform dependent!
2024-10-10 20:35:34,907 [Worker-35] INFO  o.e.m.c.i.embedder.EclipseLogger - skip non existing resourceDirectory D:\Users\GERARD ESTUDIOS\MIS ESTUDIOS\CARRERAS\CIBERTEC\CICLO 04\LENGUAJE PROGRAMACIÓN II\PROYECTO\PROYECTO_LP2_EFSRT\PROYECTO_FINAL\ProyectoBioSalud\src\main\resources
2024-10-10 20:35:34,908 [Worker-35] WARN  o.e.m.c.i.embedder.EclipseLogger - Using platform encoding (Cp1252 actually) to copy filtered resources, i.e. build is platform dependent!
2024-10-10 20:35:34,909 [Worker-35] INFO  o.e.m.c.i.embedder.EclipseLogger - skip non existing resourceDirectory D:\Users\GERARD ESTUDIOS\MIS ESTUDIOS\CARRERAS\CIBERTEC\CICLO 04\LENGUAJE PROGRAMACIÓN II\PROYECTO\PROYECTO_LP2_EFSRT\PROYECTO_FINAL\ProyectoBioSalud\src\test\resources
2024-10-10 20:35:56,171 [Worker-37] INFO  o.e.m.c.i.p.ProjectConfigurationManager - Update started
2024-10-10 20:35:56,436 [Worker-37] INFO  o.e.m.c.i.l.LifecycleMappingFactory - Using org.maven.ide.eclipse.wtp.WarLifecycleMapping lifecycle mapping for MavenProject: com.mave.biosalud:ProyectoBioSalud:0.0.1-SNAPSHOT @ D:\Users\GERARD ESTUDIOS\MIS ESTUDIOS\CARRERAS\CIBERTEC\CICLO 04\LENGUAJE PROGRAMACIÓN II\PROYECTO\PROYECTO_LP2_EFSRT\PROYECTO_FINAL\ProyectoBioSalud\pom.xml.
2024-10-10 20:35:57,054 [Worker-37] INFO  o.e.m.j.i.AbstractJavaProjectConfigurator - Adding source folder /ProyectoBioSalud/src/main/java
2024-10-10 20:35:57,054 [Worker-37] INFO  o.e.m.j.i.AbstractJavaProjectConfigurator - Adding source folder /ProyectoBioSalud/src/test/java
2024-10-10 20:35:57,720 [Worker-37] INFO  o.e.m.w.i.f.ResourceFilteringBuildParticipant - Cleaning filtered folder for ProyectoBioSalud
2024-10-10 20:35:57,722 [Worker-37] INFO  o.e.m.c.i.p.ProjectConfigurationManager - Update completed: 1 sec
2024-10-10 20:35:58,381 [Worker-42] WARN  o.e.m.c.i.embedder.EclipseLogger - Using platform encoding (Cp1252 actually) to copy filtered resources, i.e. build is platform dependent!
2024-10-10 20:35:58,382 [Worker-42] INFO  o.e.m.c.i.embedder.EclipseLogger - skip non existing resourceDirectory D:\Users\GERARD ESTUDIOS\MIS ESTUDIOS\CARRERAS\CIBERTEC\CICLO 04\LENGUAJE PROGRAMACIÓN II\PROYECTO\PROYECTO_LP2_EFSRT\PROYECTO_FINAL\ProyectoBioSalud\src\main\resources
2024-10-10 20:35:58,383 [Worker-42] WARN  o.e.m.c.i.embedder.EclipseLogger - Using platform encoding (Cp1252 actually) to copy filtered resources, i.e. build is platform dependent!
2024-10-10 20:35:58,383 [Worker-42] INFO  o.e.m.c.i.embedder.EclipseLogger - skip non existing resourceDirectory D:\Users\GERARD ESTUDIOS\MIS ESTUDIOS\CARRERAS\CIBERTEC\CICLO 04\LENGUAJE PROGRAMACIÓN II\PROYECTO\PROYECTO_LP2_EFSRT\PROYECTO_FINAL\ProyectoBioSalud\src\test\resources
2024-10-10 20:35:58,383 [Worker-42] INFO  o.e.m.w.i.f.ResourceFilteringBuildParticipant - Changed resources require a complete clean of filtered resources of ProyectoBioSalud
2024-10-10 20:35:58,383 [Worker-42] INFO  o.e.m.w.i.f.ResourceFilteringBuildParticipant - Executing resource filtering for ProyectoBioSalud
2024-10-10 20:35:58,385 [Worker-42] WARN  o.e.m.c.i.embedder.EclipseLogger - Using platform encoding (Cp1252 actually) to copy filtered resources, i.e. build is platform dependent!
